Market Market type: [matrix coordinate real symmetric]
m: 6656
n: 6656
nnz: 1002752
info: 0
ia(n+1): 1002753

=== PARDISO: solving a symmetric indefinite system ===
1-based array indexing is turned ON
PARDISO double precision computation is turned ON
METIS algorithm at reorder step is turned ON


Summary: ( reordering phase )
================

Times:
======
Time spent in calculations of symmetric matrix portrait (fulladj): 0.011261 s
Time spent in reordering of the initial matrix (reorder)         : 0.015879 s
Time spent in symbolic factorization (symbfct)                   : 0.017728 s
Time spent in data preparations for factorization (parlist)      : 0.000056 s
Time spent in allocation of internal data structures (malloc)    : 0.000364 s
Time spent in additional calculations                            : 0.048012 s
Total time spent                                                 : 0.093300 s

Statistics:
===========
Parallel Direct Factorization is running on 1 OpenMP

< Linear system Ax = b >
             number of equations:           6656
             number of non-zeros in A:      1002752
             number of non-zeros in A (%): 2.263429

             number of right-hand sides:    1

< Factors L and U >
             number of columns for each panel: 128
             number of independent subgraphs:  0
< Preprocessing with state of the art partitioning metis>
             number of supernodes:                    82
             size of largest supernode:               512
             number of non-zeros in L:                2015232
             number of non-zeros in U:                1
             number of non-zeros in L+U:              2015233

Reordering completed ... 
Number of nonzeros in factors = 2015233
Number of factorization MFLOPS = 616
 n: 6656
b[i] 8.29597e-07
b[i] 8.29597e-07
b[i] 8.29597e-07
b[i] 8.29597e-07
b[i] 8.29597e-07
b[i] 8.29597e-07
b[i] 8.29597e-07
b[i] 8.29597e-07
b[i] 8.29597e-07
b[i] 8.29597e-07
b[i] 8.29597e-07
b[i] 8.29597e-07
b[i] 8.29597e-07
b[i] 8.29596e-07
b[i] 8.29596e-07
b[i] 8.29596e-07
b[i] 8.29596e-07
b[i] 8.29596e-07
b[i] 8.29596e-07
b[i] 8.29596e-07
b[i] 8.29596e-07
b[i] 8.29597e-07
b[i] 8.29596e-07
b[i] 8.29597e-07
b[i] 8.29596e-07
b[i] 8.29597e-07
b[i] 8.29597e-07
b[i] 8.29597e-07
b[i] 8.29597e-07
b[i] 8.29597e-07
b[i] 8.29597e-07
b[i] 8.29597e-07
b[i] 8.29597e-07
b[i] 8.29597e-07
b[i] 8.29597e-07
b[i] 8.29597e-07
b[i] 8.29598e-07
b[i] 8.29598e-07
b[i] 8.29598e-07
b[i] 8.29598e-07
b[i] 8.29598e-07
b[i] 8.29598e-07
b[i] 8.29598e-07
b[i] 8.29598e-07
b[i] 8.29598e-07
b[i] 8.29598e-07
b[i] 8.29598e-07
b[i] 8.29598e-07
b[i] 8.29598e-07
b[i] 8.29598e-07
b[i] 8.29598e-07
b[i] 8.29598e-07
b[i] 8.29598e-07
b[i] 8.29598e-07
b[i] 8.29598e-07
b[i] 8.29598e-07
b[i] 8.29598e-07
b[i] 8.29598e-07
b[i] 8.29598e-07
b[i] 8.29599e-07
b[i] 8.29598e-07
b[i] 8.29599e-07
b[i] 8.29599e-07
b[i] 8.29599e-07
b[i] -10.0901
b[i] -10.0901
b[i] -10.0901
b[i] -10.0901
b[i] -10.0901
b[i] -10.0901
b[i] -10.0901
b[i] -10.0901
b[i] -10.0901
b[i] -10.0901
b[i] -10.0901
b[i] -10.0901
b[i] -10.0901
b[i] -10.0901
b[i] -10.0901
b[i] -10.0901
b[i] -10.0901
b[i] -10.0901
b[i] -10.0901
b[i] -10.0901
b[i] -10.0901
b[i] -10.0901
b[i] -10.0901
b[i] -10.0901
b[i] -10.0901
b[i] -10.0901
b[i] -10.0901
b[i] -10.0901
b[i] -10.0902
b[i] -10.0902
b[i] -10.0902
b[i] -10.0902
b[i] -10.0902
b[i] -10.0902
b[i] -10.0902
b[i] -10.0902
b[i] -10.0902
b[i] -10.0902
b[i] -10.0902
b[i] -10.0902
b[i] -10.0902
b[i] -10.0902
b[i] -10.0902
b[i] -10.0902
b[i] -10.0902
b[i] -10.0902
b[i] -10.0902
b[i] -10.0902
b[i] -10.0902
b[i] -10.0902
b[i] -10.0902
b[i] -10.0902
b[i] -10.0902
b[i] -10.0902
b[i] -10.0902
b[i] -10.0902
b[i] -10.0902
b[i] -10.0902
b[i] -10.0902
b[i] -10.0902
b[i] -10.0902
b[i] -10.0902
b[i] -10.0902
b[i] -10.0902
b[i] 1.57515e-07
b[i] 1.57515e-07
b[i] 1.57515e-07
b[i] 1.57515e-07
b[i] 1.57515e-07
b[i] 1.57515e-07
b[i] 1.57515e-07
b[i] 1.57515e-07
b[i] 1.57515e-07
b[i] 1.57515e-07
b[i] 1.57515e-07
b[i] 1.57515e-07
b[i] 1.57515e-07
b[i] 1.57515e-07
b[i] 1.57515e-07
b[i] 1.57516e-07
b[i] 1.57516e-07
b[i] 1.57515e-07
b[i] 1.57515e-07
b[i] 1.57515e-07
b[i] 1.57515e-07
b[i] 1.57515e-07
b[i] 1.57515e-07
b[i] 1.57515e-07
b[i] 1.57515e-07
b[i] 1.57516e-07
b[i] 1.57515e-07
b[i] 1.57515e-07
b[i] 1.57515e-07
b[i] 1.57515e-07
b[i] 1.57515e-07
b[i] 1.57515e-07
b[i] 1.57515e-07
b[i] 1.57515e-07
b[i] 1.57515e-07
b[i] 1.57515e-07
b[i] 1.57515e-07
b[i] 1.57515e-07
b[i] 1.57515e-07
b[i] 1.57515e-07
b[i] 1.57515e-07
b[i] 1.57515e-07
b[i] 1.57515e-07
b[i] 1.57515e-07
b[i] 1.57515e-07
b[i] 1.57515e-07
b[i] 1.57515e-07
b[i] 1.57515e-07
b[i] 1.57515e-07
b[i] 1.57515e-07
b[i] 1.57515e-07
b[i] 1.57515e-07
b[i] 1.57515e-07
b[i] 1.57515e-07
b[i] 1.57515e-07
b[i] 1.57515e-07
b[i] 1.57515e-07
b[i] 1.57515e-07
b[i] 1.57515e-07
b[i] 1.57515e-07
b[i] 1.57515e-07
b[i] 1.57515e-07
b[i] 1.57515e-07
b[i] 1.57515e-07
b[i] 10.0901
b[i] 10.0901
b[i] 10.0901
b[i] 10.0901
b[i] 10.0901
b[i] 10.0901
b[i] 10.0901
b[i] 10.0901
b[i] 10.0901
b[i] 10.0901
b[i] 10.0901
b[i] 10.0901
b[i] 10.0901
b[i] 10.0901
b[i] 10.0901
b[i] 10.0901
b[i] 10.0901
b[i] 10.0901
b[i] 10.0901
b[i] 10.0901
b[i] 10.0901
b[i] 10.0901
b[i] 10.0901
b[i] 10.0901
b[i] 10.0901
b[i] 10.0901
b[i] 10.0901
b[i] 10.0901
b[i] 10.0902
b[i] 10.0902
b[i] 10.0902
b[i] 10.0902
b[i] 10.0902
b[i] 10.0902
b[i] 10.0902
b[i] 10.0902
b[i] 10.0902
b[i] 10.0902
b[i] 10.0902
b[i] 10.0902
b[i] 10.0902
b[i] 10.0902
b[i] 10.0902
b[i] 10.0902
b[i] 10.0902
b[i] 10.0902
b[i] 10.0902
b[i] 10.0902
b[i] 10.0902
b[i] 10.0902
b[i] 10.0902
b[i] 10.0902
b[i] 10.0902
b[i] 10.0902
b[i] 10.0902
b[i] 10.0902
b[i] 10.0902
b[i] 10.0902
b[i] 10.0902
b[i] 10.0902
b[i] 10.0902
b[i] 10.0902
b[i] 10.0902
b[i] 10.0902
b[i] 4.29098e-07
b[i] 4.29098e-07
b[i] 4.29098e-07
b[i] 4.29098e-07
b[i] 4.29098e-07
b[i] 4.29098e-07
b[i] 4.29098e-07
b[i] 4.29098e-07
b[i] 4.29098e-07
b[i] 4.29098e-07
b[i] 4.29098e-07
b[i] 4.29098e-07
b[i] 4.29098e-07
b[i] 4.29098e-07
b[i] 4.29098e-07
b[i] 4.29098e-07
b[i] 4.29098e-07
b[i] 4.29098e-07
b[i] 4.29098e-07
b[i] 4.29098e-07
b[i] 4.29098e-07
b[i] 4.29098e-07
b[i] 4.29098e-07
b[i] 4.29098e-07
b[i] 4.29098e-07
b[i] 4.29098e-07
b[i] 4.29098e-07
b[i] 4.29098e-07
b[i] 4.29098e-07
b[i] 4.29098e-07
b[i] 4.29098e-07
b[i] 4.29098e-07
b[i] 4.29098e-07
b[i] 4.29098e-07
b[i] 4.29098e-07
b[i] 4.29098e-07
b[i] 4.29098e-07
b[i] 4.29098e-07
b[i] 4.29098e-07
b[i] 4.29098e-07
b[i] 4.29098e-07
b[i] 4.29098e-07
b[i] 4.29098e-07
b[i] 4.29098e-07
b[i] 4.29098e-07
b[i] 4.29098e-07
b[i] 4.29098e-07
b[i] 4.29098e-07
b[i] 4.29098e-07
b[i] 4.29098e-07
b[i] 4.29098e-07
b[i] 4.29098e-07
b[i] 4.29098e-07
b[i] 4.29098e-07
b[i] 4.29098e-07
b[i] 4.29098e-07
b[i] 4.29098e-07
b[i] 4.29098e-07
b[i] 4.29098e-07
b[i] 4.29098e-07
b[i] 4.29098e-07
b[i] 4.29098e-07
b[i] 4.29098e-07
b[i] 4.29098e-07
b[i] -1.98952e-13
b[i] -9.9476e-14
b[i] -9.9476e-14
b[i] -1.98952e-13
b[i] -2.02505e-13
b[i] -1.98952e-13
b[i] -9.9476e-14
b[i] -1.98952e-13
b[i] -3.01981e-13
b[i] -3.01981e-13
b[i] -1.98952e-13
b[i] -1.98952e-13
b[i] -9.9476e-14
b[i] -9.9476e-14
b[i] -9.9476e-14
b[i] 0
b[i] 0
b[i] 9.9476e-14
b[i] 9.9476e-14
b[i] 9.9476e-14
b[i] 1.98952e-13
b[i] 9.9476e-14
b[i] 1.03029e-13
b[i] 1.98952e-13
b[i] 2.02505e-13
b[i] 9.9476e-14
b[i] 9.9476e-14
b[i] 0
b[i] 1.03029e-13
b[i] 0
b[i] 0
b[i] 0
b[i] 0
b[i] 0
b[i] 0
b[i] 0
b[i] 0
b[i] 0
b[i] 0
b[i] -9.9476e-14
b[i] -1.98952e-13
b[i] -2.02505e-13
b[i] -1.98952e-13
b[i] -9.9476e-14
b[i] -9.9476e-14
b[i] -9.9476e-14
b[i] -9.9476e-14
b[i] 0
b[i] 0
b[i] 9.9476e-14
b[i] 0
b[i] 9.9476e-14
b[i] 1.98952e-13
b[i] 9.9476e-14
b[i] 1.98952e-13
b[i] 2.02505e-13
b[i] 1.98952e-13
b[i] 1.98952e-13
b[i] 9.9476e-14
b[i] 9.9476e-14
b[i] 2.02505e-13
b[i] 1.03029e-13
b[i] 1.98952e-13
b[i] 9.9476e-14
b[i] 0
b[i] 0
b[i] 0
b[i] 0
b[i] 0
b[i] 0
b[i] 0
b[i] 0
b[i] 9.9476e-14
b[i] 0
b[i] 9.9476e-14
b[i] 1.01252e-13
b[i] 0
b[i] 1.01252e-13
b[i] 9.9476e-14
b[i] 2.00728e-13
b[i] 2.00728e-13
b[i] 9.9476e-14
b[i] 1.01252e-13
b[i] 9.9476e-14
b[i] 0
b[i] 9.9476e-14
b[i] 9.9476e-14
b[i] 0
b[i] 9.9476e-14
b[i] 2.00728e-13
b[i] 9.9476e-14
b[i] 1.98952e-13
b[i] 9.9476e-14
b[i] 2.00728e-13
b[i] 1.98952e-13
b[i] 2.00728e-13
b[i] 1.98952e-13
b[i] 9.9476e-14
b[i] 1.98952e-13
b[i] 1.98952e-13
b[i] 1.98952e-13
b[i] 9.9476e-14
b[i] 1.98952e-13
b[i] 9.9476e-14
b[i] 2.00728e-13
b[i] 9.9476e-14
b[i] 2.00728e-13
b[i] 2.00728e-13
b[i] 1.98952e-13
b[i] 2.00728e-13
b[i] 9.9476e-14
b[i] 0
b[i] -9.9476e-14
b[i] -9.9476e-14
b[i] -1.98952e-13
b[i] -1.98952e-13
b[i] -3.00204e-13
b[i] -3.00204e-13
b[i] -3.9968e-13
b[i] -3.9968e-13
b[i] -3.9968e-13
b[i] -3.9968e-13
b[i] -5.00933e-13
b[i] -4.99156e-13
b[i] -5.98632e-13
b[i] -5.00933e-13
b[i] -6.00409e-13
b[i] -5.98632e-13
b[i] 6.06836e-07
b[i] 6.06836e-07
b[i] 6.06836e-07
b[i] 6.06836e-07
b[i] 6.06836e-07
b[i] 6.06836e-07
b[i] 6.06836e-07
b[i] 6.06836e-07
b[i] 6.06836e-07
b[i] 6.06836e-07
b[i] 6.06836e-07
b[i] 6.06836e-07
b[i] 6.06836e-07
b[i] 6.06836e-07
b[i] 6.06836e-07
b[i] 6.06836e-07
b[i] 6.06836e-07
b[i] 6.06836e-07
b[i] 6.06836e-07
b[i] 6.06836e-07
b[i] 6.06836e-07
b[i] 6.06836e-07
b[i] 6.06836e-07
b[i] 6.06836e-07
b[i] 6.06836e-07
b[i] 6.06837e-07
b[i] 6.06837e-07
b[i] 6.06837e-07
b[i] 6.06837e-07
b[i] 6.06837e-07
b[i] 6.06836e-07
b[i] 6.06837e-07
b[i] 6.06836e-07
b[i] 6.06836e-07
b[i] 6.06836e-07
b[i] 6.06836e-07
b[i] 6.06836e-07
b[i] 6.06836e-07
b[i] 6.06836e-07
b[i] 6.06836e-07
b[i] 6.06836e-07
b[i] 6.06836e-07
b[i] 6.06836e-07
b[i] 6.06836e-07
b[i] 6.06836e-07
b[i] 6.06836e-07
b[i] 6.06836e-07
b[i] 6.06836e-07
b[i] 6.06836e-07
b[i] 6.06836e-07
b[i] 6.06836e-07
b[i] 6.06836e-07
b[i] 6.06836e-07
b[i] 6.06836e-07
b[i] 6.06836e-07
b[i] 6.06836e-07
b[i] 6.06836e-07
b[i] 6.06837e-07
b[i] 6.06837e-07
b[i] 6.06837e-07
b[i] 6.06837e-07
b[i] 6.06837e-07
b[i] 6.06837e-07
b[i] 6.06837e-07
b[i] -10.0901
b[i] -10.0901
b[i] -10.0901
b[i] -10.0901
b[i] -10.0901
b[i] -10.0901
b[i] -10.0901
b[i] -10.0901
b[i] -10.0901
b[i] -10.0901
b[i] -10.0901
b[i] -10.0901
b[i] -10.0901
b[i] -10.0901
b[i] -10.0901
b[i] -10.0901
b[i] -10.0901
b[i] -10.0901
b[i] -10.0901
b[i] -10.0901
b[i] -10.0901
b[i] -10.0901
b[i] -10.0901
b[i] -10.0901
b[i] -10.0901
b[i] -10.0901
b[i] -10.0901
b[i] -10.0901
b[i] -10.0902
b[i] -10.0902
b[i] -10.0902
b[i] -10.0902
b[i] -10.0902
b[i] -10.0902
b[i] -10.0902
b[i] -10.0902
b[i] -10.0902
b[i] -10.0902
b[i] -10.0902
b[i] -10.0902
b[i] -10.0902
b[i] -10.0902
b[i] -10.0902
b[i] -10.0902
b[i] -10.0902
b[i] -10.0902
b[i] -10.0902
b[i] -10.0902
b[i] -10.0902
b[i] -10.0902
b[i] -10.0902
b[i] -10.0902
b[i] -10.0902
b[i] -10.0902
b[i] -10.0902
b[i] -10.0902
b[i] -10.0902
b[i] -10.0902
b[i] -10.0902
b[i] -10.0902
b[i] -10.0902
b[i] -10.0902
b[i] -10.0902
b[i] -10.0902
b[i] 0
b[i] 0
b[i] 0
b[i] 0
b[i] 0
b[i] 0
b[i] 0
b[i] 0
b[i] -9.9476e-14
b[i] 0
b[i] -9.9476e-14
b[i] -1.01252e-13
b[i] 0
b[i] -1.01252e-13
b[i] -9.9476e-14
b[i] -2.00728e-13
b[i] -2.00728e-13
b[i] -9.9476e-14
b[i] -1.01252e-13
b[i] -9.9476e-14
b[i] 0
b[i] -9.9476e-14
b[i] -9.9476e-14
b[i] 0
b[i] -9.9476e-14
b[i] -2.00728e-13
b[i] -9.9476e-14
b[i] -1.98952e-13
b[i] -9.9476e-14
b[i] -2.00728e-13
b[i] -1.98952e-13
b[i] -2.00728e-13
b[i] -1.98952e-13
b[i] -9.9476e-14
b[i] -1.98952e-13
b[i] -1.98952e-13
b[i] -1.98952e-13
b[i] -9.9476e-14
b[i] -1.98952e-13
b[i] -9.9476e-14
b[i] -2.00728e-13
b[i] -9.9476e-14
b[i] -2.00728e-13
b[i] -2.00728e-13
b[i] -1.98952e-13
b[i] -2.00728e-13
b[i] -9.9476e-14
b[i] 0
b[i] 9.9476e-14
b[i] 9.9476e-14
b[i] 1.98952e-13
b[i] 1.98952e-13
b[i] 3.00204e-13
b[i] 3.00204e-13
b[i] 3.9968e-13
b[i] 3.9968e-13
b[i] 3.9968e-13
b[i] 3.9968e-13
b[i] 5.00933e-13
b[i] 4.99156e-13
b[i] 5.98632e-13
b[i] 5.00933e-13
b[i] 6.00409e-13
b[i] 5.98632e-13
b[i] -6.06836e-07
b[i] -6.06836e-07
b[i] -6.06836e-07
b[i] -6.06836e-07
b[i] -6.06836e-07
b[i] -6.06836e-07
b[i] -6.06836e-07
b[i] -6.06836e-07
b[i] -6.06836e-07
b[i] -6.06836e-07
b[i] -6.06836e-07
b[i] -6.06836e-07
b[i] -6.06836e-07
b[i] -6.06836e-07
b[i] -6.06836e-07
b[i] -6.06836e-07
b[i] -6.06836e-07
b[i] -6.06836e-07
b[i] -6.06836e-07
b[i] -6.06836e-07
b[i] -6.06836e-07
b[i] -6.06836e-07
b[i] -6.06836e-07
b[i] -6.06836e-07
b[i] -6.06836e-07
b[i] -6.06837e-07
b[i] -6.06837e-07
b[i] -6.06837e-07
b[i] -6.06837e-07
b[i] -6.06837e-07
b[i] -6.06836e-07
b[i] -6.06837e-07
b[i] -6.06836e-07
b[i] -6.06836e-07
b[i] -6.06836e-07
b[i] -6.06836e-07
b[i] -6.06836e-07
b[i] -6.06836e-07
b[i] -6.06836e-07
b[i] -6.06836e-07
b[i] -6.06836e-07
b[i] -6.06836e-07
b[i] -6.06836e-07
b[i] -6.06836e-07
b[i] -6.06836e-07
b[i] -6.06836e-07
b[i] -6.06836e-07
b[i] -6.06836e-07
b[i] -6.06836e-07
b[i] -6.06836e-07
b[i] -6.06836e-07
b[i] -6.06836e-07
b[i] -6.06836e-07
b[i] -6.06836e-07
b[i] -6.06836e-07
b[i] -6.06836e-07
b[i] -6.06836e-07
b[i] -6.06837e-07
b[i] -6.06837e-07
b[i] -6.06837e-07
b[i] -6.06837e-07
b[i] -6.06837e-07
b[i] -6.06837e-07
b[i] -6.06837e-07
b[i] 10.0901
b[i] 10.0901
b[i] 10.0901
b[i] 10.0901
b[i] 10.0901
b[i] 10.0901
b[i] 10.0901
b[i] 10.0901
b[i] 10.0901
b[i] 10.0901
b[i] 10.0901
b[i] 10.0901
b[i] 10.0901
b[i] 10.0901
b[i] 10.0901
b[i] 10.0901
b[i] 10.0901
b[i] 10.0901
b[i] 10.0901
b[i] 10.0901
b[i] 10.0901
b[i] 10.0901
b[i] 10.0901
b[i] 10.0901
b[i] 10.0901
b[i] 10.0901
b[i] 10.0901
b[i] 10.0901
b[i] 10.0902
b[i] 10.0902
b[i] 10.0902
b[i] 10.0902
b[i] 10.0902
b[i] 10.0902
b[i] 10.0902
b[i] 10.0902
b[i] 10.0902
b[i] 10.0902
b[i] 10.0902
b[i] 10.0902
b[i] 10.0902
b[i] 10.0902
b[i] 10.0902
b[i] 10.0902
b[i] 10.0902
b[i] 10.0902
b[i] 10.0902
b[i] 10.0902
b[i] 10.0902
b[i] 10.0902
b[i] 10.0902
b[i] 10.0902
b[i] 10.0902
b[i] 10.0902
b[i] 10.0902
b[i] 10.0902
b[i] 10.0902
b[i] 10.0902
b[i] 10.0902
b[i] 10.0902
b[i] 10.0902
b[i] 10.0902
b[i] 10.0902
b[i] 10.0902
b[i] 5.36501
b[i] 5.36501
b[i] 5.36501
b[i] 5.36501
b[i] 5.36501
b[i] 5.36502
b[i] 5.36502
b[i] 5.36502
b[i] 5.36502
b[i] 5.36502
b[i] 5.36502
b[i] 5.36503
b[i] 5.36503
b[i] 5.36503
b[i] 5.36503
b[i] 5.36503
b[i] 5.36503
b[i] 5.36503
b[i] 5.36503
b[i] 5.36503
b[i] 5.36503
b[i] 5.36503
b[i] 5.36503
b[i] 5.36503
b[i] 5.36503
b[i] 5.36503
b[i] 5.36503
b[i] 5.36503
b[i] 5.36502
b[i] 5.36502
b[i] 5.36502
b[i] 5.36502
b[i] 5.36501
b[i] 5.36501
b[i] 5.36501
b[i] 5.365
b[i] 5.365
b[i] 5.365
b[i] 5.36499
b[i] 5.36499
b[i] 5.36498
b[i] 5.36498
b[i] 5.36497
b[i] 5.36497
b[i] 5.36496
b[i] 5.36496
b[i] 5.36496
b[i] 5.36495
b[i] 5.36495
b[i] 5.36494
b[i] 5.36494
b[i] 5.36493
b[i] 5.36493
b[i] 5.36493
b[i] 5.36492
b[i] 5.36492
b[i] 5.36492
b[i] 5.36491
b[i] 5.36491
b[i] 5.36491
b[i] 5.36491
b[i] 5.36491
b[i] 5.36491
b[i] 5.36491
b[i] -1.60286e-07
b[i] -1.60286e-07
b[i] -1.60286e-07
b[i] -1.60286e-07
b[i] -1.60286e-07
b[i] -1.60286e-07
b[i] -1.60286e-07
b[i] -1.60286e-07
b[i] -1.60286e-07
b[i] -1.60286e-07
b[i] -1.60286e-07
b[i] -1.60286e-07
b[i] -1.60286e-07
b[i] -1.60286e-07
b[i] -1.60286e-07
b[i] -1.60286e-07
b[i] -1.60286e-07
b[i] -1.60286e-07
b[i] -1.60286e-07
b[i] -1.60286e-07
b[i] -1.60286e-07
b[i] -1.60286e-07
b[i] -1.60286e-07
b[i] -1.60286e-07
b[i] -1.60286e-07
b[i] -1.60286e-07
b[i] -1.60286e-07
b[i] -1.60286e-07
b[i] -1.60286e-07
b[i] -1.60286e-07
b[i] -1.60286e-07
b[i] -1.60286e-07
b[i] -1.60286e-07
b[i] -1.60286e-07
b[i] -1.60286e-07
b[i] -1.60286e-07
b[i] -1.60286e-07
b[i] -1.60286e-07
b[i] -1.60286e-07
b[i] -1.60286e-07
b[i] -1.60286e-07
b[i] -1.60286e-07
b[i] -1.60286e-07
b[i] -1.60286e-07
b[i] -1.60286e-07
b[i] -1.60286e-07
b[i] -1.60286e-07
b[i] -1.60286e-07
b[i] -1.60286e-07
b[i] -1.60286e-07
b[i] -1.60286e-07
b[i] -1.60286e-07
b[i] -1.60286e-07
b[i] -1.60286e-07
b[i] -1.60286e-07
b[i] -1.60286e-07
b[i] -1.60286e-07
b[i] -1.60286e-07
b[i] -1.60286e-07
b[i] -1.60286e-07
b[i] -1.60286e-07
b[i] -1.60286e-07
b[i] -1.60286e-07
b[i] -1.60286e-07
b[i] -10.0902
b[i] -10.0902
b[i] -10.0902
b[i] -10.0902
b[i] -10.0902
b[i] -10.0902
b[i] -10.0902
b[i] -10.0902
b[i] -10.0902
b[i] -10.0902
b[i] -10.0902
b[i] -10.0902
b[i] -10.0902
b[i] -10.0902
b[i] -10.0902
b[i] -10.0902
b[i] -10.0902
b[i] -10.0902
b[i] -10.0902
b[i] -10.0902
b[i] -10.0902
b[i] -10.0902
b[i] -10.0902
b[i] -10.0902
b[i] -10.0902
b[i] -10.0902
b[i] -10.0902
b[i] -10.0902
b[i] -10.0902
b[i] -10.0902
b[i] -10.0902
b[i] -10.0902
b[i] -10.0902
b[i] -10.0902
b[i] -10.0902
b[i] -10.0902
b[i] -10.0901
b[i] -10.0901
b[i] -10.0901
b[i] -10.0901
b[i] -10.0901
b[i] -10.0901
b[i] -10.0901
b[i] -10.0901
b[i] -10.0901
b[i] -10.0901
b[i] -10.0901
b[i] -10.0901
b[i] -10.0901
b[i] -10.0901
b[i] -10.0901
b[i] -10.0901
b[i] -10.0901
b[i] -10.0901
b[i] -10.0901
b[i] -10.0901
b[i] -10.0901
b[i] -10.0901
b[i] -10.0901
b[i] -10.0901
b[i] -10.0901
b[i] -10.0901
b[i] -10.0901
b[i] -10.0901
b[i] -10.0901
b[i] -10.0901
b[i] -10.0901
b[i] -10.0901
b[i] -10.0901
b[i] -10.0901
b[i] -10.0901
b[i] -10.0901
b[i] -10.0901
b[i] -10.0901
b[i] -10.0901
b[i] -10.0901
b[i] -10.0901
b[i] -10.0901
b[i] -10.0901
b[i] -10.0901
b[i] -10.0901
b[i] -10.0901
b[i] -10.0901
b[i] -10.0901
b[i] -10.0901
b[i] -10.0901
b[i] -10.0901
b[i] -10.0901
b[i] -10.0901
b[i] -10.0901
b[i] -10.0901
b[i] -10.0901
b[i] -10.0902
b[i] -10.0902
b[i] -10.0902
b[i] -10.0902
b[i] -10.0902
b[i] -10.0902
b[i] -10.0902
b[i] -10.0902
b[i] -10.0902
b[i] -10.0902
b[i] -10.0902
b[i] -10.0902
b[i] -10.0902
b[i] -10.0902
b[i] -10.0902
b[i] -10.0902
b[i] -10.0902
b[i] -10.0902
b[i] -10.0902
b[i] -10.0902
b[i] -10.0902
b[i] -10.0902
b[i] -10.0902
b[i] -10.0902
b[i] -10.0902
b[i] -10.0902
b[i] -10.0902
b[i] -10.0902
b[i] -10.0902
b[i] -10.0902
b[i] -10.0902
b[i] -10.0902
b[i] -10.0902
b[i] -10.0902
b[i] -10.0902
b[i] -10.0902
b[i] -5.86613e-07
b[i] -5.86613e-07
b[i] -5.86613e-07
b[i] -5.86613e-07
b[i] -5.86613e-07
b[i] -5.86613e-07
b[i] -5.86613e-07
b[i] -5.86613e-07
b[i] -5.86614e-07
b[i] -5.86614e-07
b[i] -5.86614e-07
b[i] -5.86614e-07
b[i] -5.86614e-07
b[i] -5.86614e-07
b[i] -5.86614e-07
b[i] -5.86614e-07
b[i] -5.86614e-07
b[i] -5.86614e-07
b[i] -5.86614e-07
b[i] -5.86614e-07
b[i] -5.86614e-07
b[i] -5.86614e-07
b[i] -5.86614e-07
b[i] -5.86614e-07
b[i] -5.86614e-07
b[i] -5.86614e-07
b[i] -5.86614e-07
b[i] -5.86614e-07
b[i] -5.86614e-07
b[i] -5.86614e-07
b[i] -5.86614e-07
b[i] -5.86615e-07
b[i] -5.86615e-07
b[i] -5.86615e-07
b[i] -5.86615e-07
b[i] -5.86615e-07
b[i] -5.86615e-07
b[i] -5.86615e-07
b[i] -5.86615e-07
b[i] -5.86615e-07
b[i] -5.86615e-07
b[i] -5.86615e-07
b[i] -5.86615e-07
b[i] -5.86615e-07
b[i] -5.86615e-07
b[i] -5.86615e-07
b[i] -5.86615e-07
b[i] -5.86615e-07
b[i] -5.86615e-07
b[i] -5.86615e-07
b[i] -5.86615e-07
b[i] -5.86615e-07
b[i] -5.86615e-07
b[i] -5.86615e-07
b[i] -5.86615e-07
b[i] -5.86615e-07
b[i] -5.86615e-07
b[i] -5.86615e-07
b[i] -5.86615e-07
b[i] -5.86615e-07
b[i] -5.86615e-07
b[i] -5.86615e-07
b[i] -5.86615e-07
b[i] -5.86615e-07
b[i] -6.06837e-07
b[i] -6.06837e-07
b[i] -6.06837e-07
b[i] -6.06837e-07
b[i] -6.06837e-07
b[i] -6.06837e-07
b[i] -6.06837e-07
b[i] -6.06837e-07
b[i] -6.06836e-07
b[i] -6.06836e-07
b[i] -6.06836e-07
b[i] -6.06836e-07
b[i] -6.06836e-07
b[i] -6.06836e-07
b[i] -6.06836e-07
b[i] -6.06836e-07
b[i] -6.06836e-07
b[i] -6.06836e-07
b[i] -6.06836e-07
b[i] -6.06836e-07
b[i] -6.06836e-07
b[i] -6.06836e-07
b[i] -6.06836e-07
b[i] -6.06836e-07
b[i] -6.06836e-07
b[i] -6.06836e-07
b[i] -6.06836e-07
b[i] -6.06836e-07
b[i] -6.06836e-07
b[i] -6.06836e-07
b[i] -6.06836e-07
b[i] -6.06837e-07
b[i] -6.06836e-07
b[i] -6.06837e-07
b[i] -6.06837e-07
b[i] -6.06837e-07
b[i] -6.06837e-07
b[i] -6.06836e-07
b[i] -6.06837e-07
b[i] -6.06836e-07
b[i] -6.06836e-07
b[i] -6.06836e-07
b[i] -6.06836e-07
b[i] -6.06836e-07
b[i] -6.06836e-07
b[i] -6.06836e-07
b[i] -6.06836e-07
b[i] -6.06836e-07
b[i] -6.06836e-07
b[i] -6.06836e-07
b[i] -6.06836e-07
b[i] -6.06836e-07
b[i] -6.06836e-07
b[i] -6.06836e-07
b[i] -6.06836e-07
b[i] -6.06836e-07
b[i] -6.06836e-07
b[i] -6.06836e-07
b[i] -6.06836e-07
b[i] -6.06836e-07
b[i] -6.06836e-07
b[i] -6.06836e-07
b[i] -6.06836e-07
b[i] -6.06836e-07
b[i] 10.0901
b[i] 10.0901
b[i] 10.0901
b[i] 10.0901
b[i] 10.0901
b[i] 10.0901
b[i] 10.0901
b[i] 10.0901
b[i] 10.0901
b[i] 10.0901
b[i] 10.0901
b[i] 10.0901
b[i] 10.0901
b[i] 10.0901
b[i] 10.0901
b[i] 10.0901
b[i] 10.0901
b[i] 10.0901
b[i] 10.0901
b[i] 10.0901
b[i] 10.0901
b[i] 10.0901
b[i] 10.0901
b[i] 10.0901
b[i] 10.0901
b[i] 10.0901
b[i] 10.0901
b[i] 10.0901
b[i] 10.0902
b[i] 10.0902
b[i] 10.0902
b[i] 10.0902
b[i] 10.0902
b[i] 10.0902
b[i] 10.0902
b[i] 10.0902
b[i] 10.0902
b[i] 10.0902
b[i] 10.0902
b[i] 10.0902
b[i] 10.0902
b[i] 10.0902
b[i] 10.0902
b[i] 10.0902
b[i] 10.0902
b[i] 10.0902
b[i] 10.0902
b[i] 10.0902
b[i] 10.0902
b[i] 10.0902
b[i] 10.0902
b[i] 10.0902
b[i] 10.0902
b[i] 10.0902
b[i] 10.0902
b[i] 10.0902
b[i] 10.0902
b[i] 10.0902
b[i] 10.0902
b[i] 10.0902
b[i] 10.0902
b[i] 10.0902
b[i] 10.0902
b[i] 10.0902
b[i] 5.86613e-07
b[i] 5.86613e-07
b[i] 5.86613e-07
b[i] 5.86613e-07
b[i] 5.86613e-07
b[i] 5.86613e-07
b[i] 5.86613e-07
b[i] 5.86613e-07
b[i] 5.86614e-07
b[i] 5.86614e-07
b[i] 5.86614e-07
b[i] 5.86614e-07
b[i] 5.86614e-07
b[i] 5.86614e-07
b[i] 5.86614e-07
b[i] 5.86614e-07
b[i] 5.86614e-07
b[i] 5.86614e-07
b[i] 5.86614e-07
b[i] 5.86614e-07
b[i] 5.86614e-07
b[i] 5.86614e-07
b[i] 5.86614e-07
b[i] 5.86614e-07
b[i] 5.86614e-07
b[i] 5.86614e-07
b[i] 5.86614e-07
b[i] 5.86614e-07
b[i] 5.86614e-07
b[i] 5.86614e-07
b[i] 5.86614e-07
b[i] 5.86615e-07
b[i] 5.86615e-07
b[i] 5.86615e-07
b[i] 5.86615e-07
b[i] 5.86615e-07
b[i] 5.86615e-07
b[i] 5.86615e-07
b[i] 5.86615e-07
b[i] 5.86615e-07
b[i] 5.86615e-07
b[i] 5.86615e-07
b[i] 5.86615e-07
b[i] 5.86615e-07
b[i] 5.86615e-07
b[i] 5.86615e-07
b[i] 5.86615e-07
b[i] 5.86615e-07
b[i] 5.86615e-07
b[i] 5.86615e-07
b[i] 5.86615e-07
b[i] 5.86615e-07
b[i] 5.86615e-07
b[i] 5.86615e-07
b[i] 5.86615e-07
b[i] 5.86615e-07
b[i] 5.86615e-07
b[i] 5.86615e-07
b[i] 5.86615e-07
b[i] 5.86615e-07
b[i] 5.86615e-07
b[i] 5.86615e-07
b[i] 5.86615e-07
b[i] 5.86615e-07
b[i] 6.06837e-07
b[i] 6.06837e-07
b[i] 6.06837e-07
b[i] 6.06837e-07
b[i] 6.06837e-07
b[i] 6.06837e-07
b[i] 6.06837e-07
b[i] 6.06837e-07
b[i] 6.06836e-07
b[i] 6.06836e-07
b[i] 6.06836e-07
b[i] 6.06836e-07
b[i] 6.06836e-07
b[i] 6.06836e-07
b[i] 6.06836e-07
b[i] 6.06836e-07
b[i] 6.06836e-07
b[i] 6.06836e-07
b[i] 6.06836e-07
b[i] 6.06836e-07
b[i] 6.06836e-07
b[i] 6.06836e-07
b[i] 6.06836e-07
b[i] 6.06836e-07
b[i] 6.06836e-07
b[i] 6.06836e-07
b[i] 6.06836e-07
b[i] 6.06836e-07
b[i] 6.06836e-07
b[i] 6.06836e-07
b[i] 6.06836e-07
b[i] 6.06837e-07
b[i] 6.06836e-07
b[i] 6.06837e-07
b[i] 6.06837e-07
b[i] 6.06837e-07
b[i] 6.06837e-07
b[i] 6.06836e-07
b[i] 6.06837e-07
b[i] 6.06836e-07
b[i] 6.06836e-07
b[i] 6.06836e-07
b[i] 6.06836e-07
b[i] 6.06836e-07
b[i] 6.06836e-07
b[i] 6.06836e-07
b[i] 6.06836e-07
b[i] 6.06836e-07
b[i] 6.06836e-07
b[i] 6.06836e-07
b[i] 6.06836e-07
b[i] 6.06836e-07
b[i] 6.06836e-07
b[i] 6.06836e-07
b[i] 6.06836e-07
b[i] 6.06836e-07
b[i] 6.06836e-07
b[i] 6.06836e-07
b[i] 6.06836e-07
b[i] 6.06836e-07
b[i] 6.06836e-07
b[i] 6.06836e-07
b[i] 6.06836e-07
b[i] 6.06836e-07
b[i] 10.0902
b[i] 10.0902
b[i] 10.0902
b[i] 10.0902
b[i] 10.0902
b[i] 10.0902
b[i] 10.0902
b[i] 10.0902
b[i] 10.0902
b[i] 10.0902
b[i] 10.0902
b[i] 10.0902
b[i] 10.0902
b[i] 10.0902
b[i] 10.0902
b[i] 10.0902
b[i] 10.0902
b[i] 10.0902
b[i] 10.0902
b[i] 10.0902
b[i] 10.0902
b[i] 10.0902
b[i] 10.0902
b[i] 10.0902
b[i] 10.0902
b[i] 10.0902
b[i] 10.0902
b[i] 10.0902
b[i] 10.0902
b[i] 10.0902
b[i] 10.0902
b[i] 10.0902
b[i] 10.0902
b[i] 10.0902
b[i] 10.0902
b[i] 10.0902
b[i] 10.0901
b[i] 10.0901
b[i] 10.0901
b[i] 10.0901
b[i] 10.0901
b[i] 10.0901
b[i] 10.0901
b[i] 10.0901
b[i] 10.0901
b[i] 10.0901
b[i] 10.0901
b[i] 10.0901
b[i] 10.0901
b[i] 10.0901
b[i] 10.0901
b[i] 10.0901
b[i] 10.0901
b[i] 10.0901
b[i] 10.0901
b[i] 10.0901
b[i] 10.0901
b[i] 10.0901
b[i] 10.0901
b[i] 10.0901
b[i] 10.0901
b[i] 10.0901
b[i] 10.0901
b[i] 10.0901
b[i] -10.73
b[i] -10.73
b[i] -10.73
b[i] -10.73
b[i] -10.73
b[i] -10.73
b[i] -10.73
b[i] -10.73
b[i] -10.73
b[i] -10.73
b[i] -10.73
b[i] -10.7301
b[i] -10.7301
b[i] -10.7301
b[i] -10.7301
b[i] -10.7301
b[i] -10.7301
b[i] -10.7301
b[i] -10.7301
b[i] -10.7301
b[i] -10.7301
b[i] -10.7301
b[i] -10.7301
b[i] -10.7301
b[i] -10.7301
b[i] -10.7301
b[i] -10.7301
b[i] -10.7301
b[i] -10.73
b[i] -10.73
b[i] -10.73
b[i] -10.73
b[i] -10.73
b[i] -10.73
b[i] -10.73
b[i] -10.73
b[i] -10.73
b[i] -10.73
b[i] -10.73
b[i] -10.73
b[i] -10.73
b[i] -10.73
b[i] -10.7299
b[i] -10.7299
b[i] -10.7299
b[i] -10.7299
b[i] -10.7299
b[i] -10.7299
b[i] -10.7299
b[i] -10.7299
b[i] -10.7299
b[i] -10.7299
b[i] -10.7299
b[i] -10.7299
b[i] -10.7298
b[i] -10.7298
b[i] -10.7298
b[i] -10.7298
b[i] -10.7298
b[i] -10.7298
b[i] -10.7298
b[i] -10.7298
b[i] -10.7298
b[i] -10.7298
b[i] -4.30394e-08
b[i] -4.30394e-08
b[i] -4.30394e-08
b[i] -4.30394e-08
b[i] -4.30394e-08
b[i] -4.30394e-08
b[i] -4.30394e-08
b[i] -4.30394e-08
b[i] -4.30394e-08
b[i] -4.30394e-08
b[i] -4.30394e-08
b[i] -4.30394e-08
b[i] -4.30394e-08
b[i] -4.30394e-08
b[i] -4.30394e-08
b[i] -4.30394e-08
b[i] -4.30394e-08
b[i] -4.30394e-08
b[i] -4.30394e-08
b[i] -4.30394e-08
b[i] -4.30394e-08
b[i] -4.30394e-08
b[i] -4.30394e-08
b[i] -4.30394e-08
b[i] -4.30394e-08
b[i] -4.30394e-08
b[i] -4.30394e-08
b[i] -4.30395e-08
b[i] -4.30395e-08
b[i] -4.30395e-08
b[i] -4.30395e-08
b[i] -4.30395e-08
b[i] -4.30395e-08
b[i] -4.30395e-08
b[i] -4.30395e-08
b[i] -4.30395e-08
b[i] -4.30395e-08
b[i] -4.30395e-08
b[i] -4.30395e-08
b[i] -4.30395e-08
b[i] -4.30395e-08
b[i] -4.30395e-08
b[i] -4.30395e-08
b[i] -4.30394e-08
b[i] -4.30395e-08
b[i] -4.30395e-08
b[i] -4.30395e-08
b[i] -4.30395e-08
b[i] -4.30395e-08
b[i] -4.30395e-08
b[i] -4.30395e-08
b[i] -4.30394e-08
b[i] -4.30395e-08
b[i] -4.30394e-08
b[i] -4.30394e-08
b[i] -4.30394e-08
b[i] -4.30394e-08
b[i] -4.30394e-08
b[i] -4.30394e-08
b[i] -4.30394e-08
b[i] -4.30394e-08
b[i] -4.30394e-08
b[i] -4.30394e-08
b[i] -4.30394e-08
b[i] -1.60286e-07
b[i] -1.60286e-07
b[i] -1.60286e-07
b[i] -1.60286e-07
b[i] -1.60286e-07
b[i] -1.60286e-07
b[i] -1.60286e-07
b[i] -1.60286e-07
b[i] -1.60286e-07
b[i] -1.60286e-07
b[i] -1.60286e-07
b[i] -1.60286e-07
b[i] -1.60286e-07
b[i] -1.60286e-07
b[i] -1.60286e-07
b[i] -1.60286e-07
b[i] -1.60286e-07
b[i] -1.60286e-07
b[i] -1.60286e-07
b[i] -1.60286e-07
b[i] -1.60286e-07
b[i] -1.60286e-07
b[i] -1.60286e-07
b[i] -1.60286e-07
b[i] -1.60286e-07
b[i] -1.60286e-07
b[i] -1.60286e-07
b[i] -1.60286e-07
b[i] -1.60286e-07
b[i] -1.60286e-07
b[i] -1.60286e-07
b[i] -1.60286e-07
b[i] -1.60286e-07
b[i] -1.60286e-07
b[i] -1.60286e-07
b[i] -1.60286e-07
b[i] -1.60286e-07
b[i] -1.60286e-07
b[i] -1.60286e-07
b[i] -1.60286e-07
b[i] -1.60286e-07
b[i] -1.60286e-07
b[i] -1.60286e-07
b[i] -1.60286e-07
b[i] -1.60286e-07
b[i] -1.60286e-07
b[i] -1.60286e-07
b[i] -1.60286e-07
b[i] -1.60286e-07
b[i] -1.60286e-07
b[i] -1.60286e-07
b[i] -1.60286e-07
b[i] -1.60286e-07
b[i] -1.60286e-07
b[i] -1.60286e-07
b[i] -1.60286e-07
b[i] -1.60286e-07
b[i] -1.60286e-07
b[i] -1.60286e-07
b[i] -1.60286e-07
b[i] -1.60286e-07
b[i] -1.60286e-07
b[i] -1.60286e-07
b[i] -1.60286e-07
b[i] 10.0902
b[i] 10.0902
b[i] 10.0902
b[i] 10.0902
b[i] 10.0902
b[i] 10.0902
b[i] 10.0902
b[i] 10.0902
b[i] 10.0902
b[i] 10.0902
b[i] 10.0902
b[i] 10.0902
b[i] 10.0902
b[i] 10.0902
b[i] 10.0902
b[i] 10.0902
b[i] 10.0902
b[i] 10.0902
b[i] 10.0902
b[i] 10.0902
b[i] 10.0902
b[i] 10.0902
b[i] 10.0902
b[i] 10.0902
b[i] 10.0902
b[i] 10.0902
b[i] 10.0902
b[i] 10.0902
b[i] 10.0902
b[i] 10.0902
b[i] 10.0902
b[i] 10.0902
b[i] 10.0902
b[i] 10.0902
b[i] 10.0902
b[i] 10.0902
b[i] 10.0901
b[i] 10.0901
b[i] 10.0901
b[i] 10.0901
b[i] 10.0901
b[i] 10.0901
b[i] 10.0901
b[i] 10.0901
b[i] 10.0901
b[i] 10.0901
b[i] 10.0901
b[i] 10.0901
b[i] 10.0901
b[i] 10.0901
b[i] 10.0901
b[i] 10.0901
b[i] 10.0901
b[i] 10.0901
b[i] 10.0901
b[i] 10.0901
b[i] 10.0901
b[i] 10.0901
b[i] 10.0901
b[i] 10.0901
b[i] 10.0901
b[i] 10.0901
b[i] 10.0901
b[i] 10.0901
b[i] -5.36501
b[i] -5.36501
b[i] -5.36501
b[i] -5.36501
b[i] -5.36501
b[i] -5.36502
b[i] -5.36502
b[i] -5.36502
b[i] -5.36502
b[i] -5.36502
b[i] -5.36502
b[i] -5.36503
b[i] -5.36503
b[i] -5.36503
b[i] -5.36503
b[i] -5.36503
b[i] -5.36503
b[i] -5.36503
b[i] -5.36503
b[i] -5.36503
b[i] -5.36503
b[i] -5.36503
b[i] -5.36503
b[i] -5.36503
b[i] -5.36503
b[i] -5.36503
b[i] -5.36503
b[i] -5.36503
b[i] -5.36502
b[i] -5.36502
b[i] -5.36502
b[i] -5.36502
b[i] -5.36501
b[i] -5.36501
b[i] -5.36501
b[i] -5.365
b[i] -5.365
b[i] -5.365
b[i] -5.36499
b[i] -5.36499
b[i] -5.36498
b[i] -5.36498
b[i] -5.36497
b[i] -5.36497
b[i] -5.36497
b[i] -5.36496
b[i] -5.36496
b[i] -5.36495
b[i] -5.36495
b[i] -5.36494
b[i] -5.36494
b[i] -5.36493
b[i] -5.36493
b[i] -5.36493
b[i] -5.36492
b[i] -5.36492
b[i] -5.36492
b[i] -5.36491
b[i] -5.36491
b[i] -5.36491
b[i] -5.36491
b[i] -5.36491
b[i] -5.36491
b[i] -5.36491
b[i] -1.60286e-07
b[i] -1.60286e-07
b[i] -1.60286e-07
b[i] -1.60286e-07
b[i] -1.60286e-07
b[i] -1.60286e-07
b[i] -1.60286e-07
b[i] -1.60286e-07
b[i] -1.60286e-07
b[i] -1.60286e-07
b[i] -1.60286e-07
b[i] -1.60286e-07
b[i] -1.60286e-07
b[i] -1.60286e-07
b[i] -1.60286e-07
b[i] -1.60286e-07
b[i] -1.60286e-07
b[i] -1.60286e-07
b[i] -1.60286e-07
b[i] -1.60286e-07
b[i] -1.60286e-07
b[i] -1.60286e-07
b[i] -1.60286e-07
b[i] -1.60286e-07
b[i] -1.60286e-07
b[i] -1.60286e-07
b[i] -1.60286e-07
b[i] -1.60286e-07
b[i] -1.60286e-07
b[i] -1.60286e-07
b[i] -1.60286e-07
b[i] -1.60286e-07
b[i] -1.60286e-07
b[i] -1.60286e-07
b[i] -1.60286e-07
b[i] -1.60286e-07
b[i] -1.60286e-07
b[i] -1.60286e-07
b[i] -1.60286e-07
b[i] -1.60286e-07
b[i] -1.60286e-07
b[i] -1.60286e-07
b[i] -1.60286e-07
b[i] -1.60286e-07
b[i] -1.60286e-07
b[i] -1.60286e-07
b[i] -1.60286e-07
b[i] -1.60286e-07
b[i] -1.60286e-07
b[i] -1.60286e-07
b[i] -1.60286e-07
b[i] -1.60286e-07
b[i] -1.60286e-07
b[i] -1.60286e-07
b[i] -1.60286e-07
b[i] -1.60286e-07
b[i] -1.60286e-07
b[i] -1.60286e-07
b[i] -1.60286e-07
b[i] -1.60286e-07
b[i] -1.60286e-07
b[i] -1.60286e-07
b[i] -1.60286e-07
b[i] -1.60286e-07
b[i] 10.0902
b[i] 10.0902
b[i] 10.0902
b[i] 10.0902
b[i] 10.0902
b[i] 10.0902
b[i] 10.0902
b[i] 10.0902
b[i] 10.0902
b[i] 10.0902
b[i] 10.0902
b[i] 10.0902
b[i] 10.0902
b[i] 10.0902
b[i] 10.0902
b[i] 10.0902
b[i] 10.0902
b[i] 10.0902
b[i] 10.0902
b[i] 10.0902
b[i] 10.0902
b[i] 10.0902
b[i] 10.0902
b[i] 10.0902
b[i] 10.0902
b[i] 10.0902
b[i] 10.0902
b[i] 10.0902
b[i] 10.0902
b[i] 10.0902
b[i] 10.0902
b[i] 10.0902
b[i] 10.0902
b[i] 10.0902
b[i] 10.0902
b[i] 10.0902
b[i] 10.0901
b[i] 10.0901
b[i] 10.0901
b[i] 10.0901
b[i] 10.0901
b[i] 10.0901
b[i] 10.0901
b[i] 10.0901
b[i] 10.0901
b[i] 10.0901
b[i] 10.0901
b[i] 10.0901
b[i] 10.0901
b[i] 10.0901
b[i] 10.0901
b[i] 10.0901
b[i] 10.0901
b[i] 10.0901
b[i] 10.0901
b[i] 10.0901
b[i] 10.0901
b[i] 10.0901
b[i] 10.0901
b[i] 10.0901
b[i] 10.0901
b[i] 10.0901
b[i] 10.0901
b[i] 10.0901
b[i] -5.36501
b[i] -5.36501
b[i] -5.36501
b[i] -5.36501
b[i] -5.36501
b[i] -5.36502
b[i] -5.36502
b[i] -5.36502
b[i] -5.36502
b[i] -5.36502
b[i] -5.36502
b[i] -5.36503
b[i] -5.36503
b[i] -5.36503
b[i] -5.36503
b[i] -5.36503
b[i] -5.36503
b[i] -5.36503
b[i] -5.36503
b[i] -5.36503
b[i] -5.36503
b[i] -5.36503
b[i] -5.36503
b[i] -5.36503
b[i] -5.36503
b[i] -5.36503
b[i] -5.36503
b[i] -5.36503
b[i] -5.36502
b[i] -5.36502
b[i] -5.36502
b[i] -5.36502
b[i] -5.36501
b[i] -5.36501
b[i] -5.36501
b[i] -5.365
b[i] -5.365
b[i] -5.365
b[i] -5.36499
b[i] -5.36499
b[i] -5.36498
b[i] -5.36498
b[i] -5.36497
b[i] -5.36497
b[i] -5.36497
b[i] -5.36496
b[i] -5.36496
b[i] -5.36495
b[i] -5.36495
b[i] -5.36494
b[i] -5.36494
b[i] -5.36493
b[i] -5.36493
b[i] -5.36493
b[i] -5.36492
b[i] -5.36492
b[i] -5.36492
b[i] -5.36491
b[i] -5.36491
b[i] -5.36491
b[i] -5.36491
b[i] -5.36491
b[i] -5.36491
b[i] -5.36491
b[i] 1.60286e-07
b[i] 1.60286e-07
b[i] 1.60286e-07
b[i] 1.60286e-07
b[i] 1.60286e-07
b[i] 1.60286e-07
b[i] 1.60286e-07
b[i] 1.60286e-07
b[i] 1.60286e-07
b[i] 1.60286e-07
b[i] 1.60286e-07
b[i] 1.60286e-07
b[i] 1.60286e-07
b[i] 1.60286e-07
b[i] 1.60286e-07
b[i] 1.60286e-07
b[i] 1.60286e-07
b[i] 1.60286e-07
b[i] 1.60286e-07
b[i] 1.60286e-07
b[i] 1.60286e-07
b[i] 1.60286e-07
b[i] 1.60286e-07
b[i] 1.60286e-07
b[i] 1.60286e-07
b[i] 1.60286e-07
b[i] 1.60286e-07
b[i] 1.60286e-07
b[i] 1.60286e-07
b[i] 1.60286e-07
b[i] 1.60286e-07
b[i] 1.60286e-07
b[i] 1.60286e-07
b[i] 1.60286e-07
b[i] 1.60286e-07
b[i] 1.60286e-07
b[i] 1.60286e-07
b[i] 1.60286e-07
b[i] 1.60286e-07
b[i] 1.60286e-07
b[i] 1.60286e-07
b[i] 1.60286e-07
b[i] 1.60286e-07
b[i] 1.60286e-07
b[i] 1.60286e-07
b[i] 1.60286e-07
b[i] 1.60286e-07
b[i] 1.60286e-07
b[i] 1.60286e-07
b[i] 1.60286e-07
b[i] 1.60286e-07
b[i] 1.60286e-07
b[i] 1.60286e-07
b[i] 1.60286e-07
b[i] 1.60286e-07
b[i] 1.60286e-07
b[i] 1.60286e-07
b[i] 1.60286e-07
b[i] 1.60286e-07
b[i] 1.60286e-07
b[i] 1.60286e-07
b[i] 1.60286e-07
b[i] 1.60286e-07
b[i] 1.60286e-07
b[i] -10.0902
b[i] -10.0902
b[i] -10.0902
b[i] -10.0902
b[i] -10.0902
b[i] -10.0902
b[i] -10.0902
b[i] -10.0902
b[i] -10.0902
b[i] -10.0902
b[i] -10.0902
b[i] -10.0902
b[i] -10.0902
b[i] -10.0902
b[i] -10.0902
b[i] -10.0902
b[i] -10.0902
b[i] -10.0902
b[i] -10.0902
b[i] -10.0902
b[i] -10.0902
b[i] -10.0902
b[i] -10.0902
b[i] -10.0902
b[i] -10.0902
b[i] -10.0902
b[i] -10.0902
b[i] -10.0902
b[i] -10.0902
b[i] -10.0902
b[i] -10.0902
b[i] -10.0902
b[i] -10.0902
b[i] -10.0902
b[i] -10.0902
b[i] -10.0902
b[i] -10.0901
b[i] -10.0901
b[i] -10.0901
b[i] -10.0901
b[i] -10.0901
b[i] -10.0901
b[i] -10.0901
b[i] -10.0901
b[i] -10.0901
b[i] -10.0901
b[i] -10.0901
b[i] -10.0901
b[i] -10.0901
b[i] -10.0901
b[i] -10.0901
b[i] -10.0901
b[i] -10.0901
b[i] -10.0901
b[i] -10.0901
b[i] -10.0901
b[i] -10.0901
b[i] -10.0901
b[i] -10.0901
b[i] -10.0901
b[i] -10.0901
b[i] -10.0901
b[i] -10.0901
b[i] -10.0901
b[i] 10.73
b[i] 10.73
b[i] 10.73
b[i] 10.73
b[i] 10.73
b[i] 10.73
b[i] 10.73
b[i] 10.73
b[i] 10.73
b[i] 10.73
b[i] 10.73
b[i] 10.7301
b[i] 10.7301
b[i] 10.7301
b[i] 10.7301
b[i] 10.7301
b[i] 10.7301
b[i] 10.7301
b[i] 10.7301
b[i] 10.7301
b[i] 10.7301
b[i] 10.7301
b[i] 10.7301
b[i] 10.7301
b[i] 10.7301
b[i] 10.7301
b[i] 10.7301
b[i] 10.7301
b[i] 10.73
b[i] 10.73
b[i] 10.73
b[i] 10.73
b[i] 10.73
b[i] 10.73
b[i] 10.73
b[i] 10.73
b[i] 10.73
b[i] 10.73
b[i] 10.73
b[i] 10.73
b[i] 10.73
b[i] 10.73
b[i] 10.7299
b[i] 10.7299
b[i] 10.7299
b[i] 10.7299
b[i] 10.7299
b[i] 10.7299
b[i] 10.7299
b[i] 10.7299
b[i] 10.7299
b[i] 10.7299
b[i] 10.7299
b[i] 10.7299
b[i] 10.7298
b[i] 10.7298
b[i] 10.7298
b[i] 10.7298
b[i] 10.7298
b[i] 10.7298
b[i] 10.7298
b[i] 10.7298
b[i] 10.7298
b[i] 10.7298
b[i] -10.0901
b[i] -10.0901
b[i] -10.0901
b[i] -10.0901
b[i] -10.0901
b[i] -10.0901
b[i] -10.0901
b[i] -10.0901
b[i] -10.0901
b[i] -10.0901
b[i] -10.0901
b[i] -10.0901
b[i] -10.0901
b[i] -10.0901
b[i] -10.0901
b[i] -10.0901
b[i] -10.0901
b[i] -10.0901
b[i] -10.0901
b[i] -10.0901
b[i] -10.0901
b[i] -10.0901
b[i] -10.0901
b[i] -10.0901
b[i] -10.0901
b[i] -10.0901
b[i] -10.0901
b[i] -10.0901
b[i] -10.0902
b[i] -10.0902
b[i] -10.0902
b[i] -10.0902
b[i] -10.0902
b[i] -10.0902
b[i] -10.0902
b[i] -10.0902
b[i] -10.0902
b[i] -10.0902
b[i] -10.0902
b[i] -10.0902
b[i] -10.0902
b[i] -10.0902
b[i] -10.0902
b[i] -10.0902
b[i] -10.0902
b[i] -10.0902
b[i] -10.0902
b[i] -10.0902
b[i] -10.0902
b[i] -10.0902
b[i] -10.0902
b[i] -10.0902
b[i] -10.0902
b[i] -10.0902
b[i] -10.0902
b[i] -10.0902
b[i] -10.0902
b[i] -10.0902
b[i] -10.0902
b[i] -10.0902
b[i] -10.0902
b[i] -10.0902
b[i] -10.0902
b[i] -10.0902
b[i] 10.7298
b[i] 10.7298
b[i] 10.7298
b[i] 10.7298
b[i] 10.7298
b[i] 10.7298
b[i] 10.7298
b[i] 10.7298
b[i] 10.7298
b[i] 10.7298
b[i] 10.7299
b[i] 10.7299
b[i] 10.7299
b[i] 10.7299
b[i] 10.7299
b[i] 10.7299
b[i] 10.7299
b[i] 10.7299
b[i] 10.7299
b[i] 10.7299
b[i] 10.7299
b[i] 10.7299
b[i] 10.73
b[i] 10.73
b[i] 10.73
b[i] 10.73
b[i] 10.73
b[i] 10.73
b[i] 10.73
b[i] 10.73
b[i] 10.73
b[i] 10.73
b[i] 10.73
b[i] 10.73
b[i] 10.73
b[i] 10.73
b[i] 10.7301
b[i] 10.7301
b[i] 10.7301
b[i] 10.7301
b[i] 10.7301
b[i] 10.7301
b[i] 10.7301
b[i] 10.7301
b[i] 10.7301
b[i] 10.7301
b[i] 10.7301
b[i] 10.7301
b[i] 10.7301
b[i] 10.7301
b[i] 10.7301
b[i] 10.7301
b[i] 10.7301
b[i] 10.73
b[i] 10.73
b[i] 10.73
b[i] 10.73
b[i] 10.73
b[i] 10.73
b[i] 10.73
b[i] 10.73
b[i] 10.73
b[i] 10.73
b[i] 10.73
b[i] -1.60286e-07
b[i] -1.60286e-07
b[i] -1.60286e-07
b[i] -1.60286e-07
b[i] -1.60286e-07
b[i] -1.60286e-07
b[i] -1.60286e-07
b[i] -1.60286e-07
b[i] -1.60286e-07
b[i] -1.60286e-07
b[i] -1.60286e-07
b[i] -1.60286e-07
b[i] -1.60286e-07
b[i] -1.60286e-07
b[i] -1.60286e-07
b[i] -1.60286e-07
b[i] -1.60286e-07
b[i] -1.60286e-07
b[i] -1.60286e-07
b[i] -1.60286e-07
b[i] -1.60286e-07
b[i] -1.60286e-07
b[i] -1.60286e-07
b[i] -1.60286e-07
b[i] -1.60286e-07
b[i] -1.60286e-07
b[i] -1.60286e-07
b[i] -1.60286e-07
b[i] -1.60286e-07
b[i] -1.60286e-07
b[i] -1.60286e-07
b[i] -1.60286e-07
b[i] -1.60286e-07
b[i] -1.60286e-07
b[i] -1.60286e-07
b[i] -1.60286e-07
b[i] -1.60286e-07
b[i] -1.60286e-07
b[i] -1.60286e-07
b[i] -1.60286e-07
b[i] -1.60286e-07
b[i] -1.60286e-07
b[i] -1.60286e-07
b[i] -1.60286e-07
b[i] -1.60286e-07
b[i] -1.60286e-07
b[i] -1.60286e-07
b[i] -1.60286e-07
b[i] -1.60286e-07
b[i] -1.60286e-07
b[i] -1.60286e-07
b[i] -1.60286e-07
b[i] -1.60286e-07
b[i] -1.60286e-07
b[i] -1.60286e-07
b[i] -1.60286e-07
b[i] -1.60286e-07
b[i] -1.60286e-07
b[i] -1.60286e-07
b[i] -1.60286e-07
b[i] -1.60286e-07
b[i] -1.60286e-07
b[i] -1.60286e-07
b[i] -1.60286e-07
b[i] 10.0902
b[i] 10.0902
b[i] 10.0902
b[i] 10.0902
b[i] 10.0902
b[i] 10.0902
b[i] 10.0902
b[i] 10.0902
b[i] 10.0902
b[i] 10.0902
b[i] 10.0902
b[i] 10.0902
b[i] 10.0902
b[i] 10.0902
b[i] 10.0902
b[i] 10.0902
b[i] 10.0902
b[i] 10.0902
b[i] 10.0902
b[i] 10.0902
b[i] 10.0902
b[i] 10.0902
b[i] 10.0902
b[i] 10.0902
b[i] 10.0902
b[i] 10.0902
b[i] 10.0902
b[i] 10.0902
b[i] 10.0902
b[i] 10.0902
b[i] 10.0902
b[i] 10.0902
b[i] 10.0902
b[i] 10.0902
b[i] 10.0902
b[i] 10.0902
b[i] 10.0901
b[i] 10.0901
b[i] 10.0901
b[i] 10.0901
b[i] 10.0901
b[i] 10.0901
b[i] 10.0901
b[i] 10.0901
b[i] 10.0901
b[i] 10.0901
b[i] 10.0901
b[i] 10.0901
b[i] 10.0901
b[i] 10.0901
b[i] 10.0901
b[i] 10.0901
b[i] 10.0901
b[i] 10.0901
b[i] 10.0901
b[i] 10.0901
b[i] 10.0901
b[i] 10.0901
b[i] 10.0901
b[i] 10.0901
b[i] 10.0901
b[i] 10.0901
b[i] 10.0901
b[i] 10.0901
b[i] -10.73
b[i] -10.73
b[i] -10.73
b[i] -10.73
b[i] -10.73
b[i] -10.73
b[i] -10.73
b[i] -10.73
b[i] -10.73
b[i] -10.73
b[i] -10.73
b[i] -10.7301
b[i] -10.7301
b[i] -10.7301
b[i] -10.7301
b[i] -10.7301
b[i] -10.7301
b[i] -10.7301
b[i] -10.7301
b[i] -10.7301
b[i] -10.7301
b[i] -10.7301
b[i] -10.7301
b[i] -10.7301
b[i] -10.7301
b[i] -10.7301
b[i] -10.7301
b[i] -10.7301
b[i] -10.73
b[i] -10.73
b[i] -10.73
b[i] -10.73
b[i] -10.73
b[i] -10.73
b[i] -10.73
b[i] -10.73
b[i] -10.73
b[i] -10.73
b[i] -10.73
b[i] -10.73
b[i] -10.73
b[i] -10.73
b[i] -10.7299
b[i] -10.7299
b[i] -10.7299
b[i] -10.7299
b[i] -10.7299
b[i] -10.7299
b[i] -10.7299
b[i] -10.7299
b[i] -10.7299
b[i] -10.7299
b[i] -10.7299
b[i] -10.7299
b[i] -10.7298
b[i] -10.7298
b[i] -10.7298
b[i] -10.7298
b[i] -10.7298
b[i] -10.7298
b[i] -10.7298
b[i] -10.7298
b[i] -10.7298
b[i] -10.7298
b[i] -1.39977e-12
b[i] -1.5028e-12
b[i] -1.39977e-12
b[i] -1.39977e-12
b[i] -1.39977e-12
b[i] -1.30029e-12
b[i] -1.39977e-12
b[i] -1.29674e-12
b[i] -1.39977e-12
b[i] -1.39977e-12
b[i] -1.39977e-12
b[i] -1.39977e-12
b[i] -1.39977e-12
b[i] -1.39977e-12
b[i] -1.40332e-12
b[i] -1.39977e-12
b[i] -1.30029e-12
b[i] -1.30029e-12
b[i] -1.30029e-12
b[i] -1.10134e-12
b[i] -1.10134e-12
b[i] -8.98837e-13
b[i] -7.99361e-13
b[i] -6.99885e-13
b[i] -5.96856e-13
b[i] -4.9738e-13
b[i] -4.01457e-13
b[i] -3.01981e-13
b[i] -2.02505e-13
b[i] -9.9476e-14
b[i] 9.9476e-14
b[i] 3.01981e-13
b[i] 4.01457e-13
b[i] 6.00409e-13
b[i] 7.99361e-13
b[i] 9.02389e-13
b[i] 9.98313e-13
b[i] 1.20082e-12
b[i] 1.19726e-12
b[i] 1.30029e-12
b[i] 1.39977e-12
b[i] 1.49925e-12
b[i] 1.59872e-12
b[i] 1.79767e-12
b[i] 1.89715e-12
b[i] 2.00018e-12
b[i] 2.00018e-12
b[i] 2.09965e-12
b[i] 2.09965e-12
b[i] 2.09965e-12
b[i] 2.09965e-12
b[i] 2.09965e-12
b[i] 2.00018e-12
b[i] 2.09965e-12
b[i] 2.10321e-12
b[i] 2.09965e-12
b[i] 2.09965e-12
b[i] 2.09965e-12
b[i] 2.00018e-12
b[i] 2.09965e-12
b[i] 2.19913e-12
b[i] 2.20268e-12
b[i] 2.29861e-12
b[i] 2.19913e-12
b[i] -10.0902
b[i] -10.0902
b[i] -10.0902
b[i] -10.0902
b[i] -10.0902
b[i] -10.0902
b[i] -10.0902
b[i] -10.0902
b[i] -10.0902
b[i] -10.0902
b[i] -10.0902
b[i] -10.0902
b[i] -10.0902
b[i] -10.0902
b[i] -10.0902
b[i] -10.0902
b[i] -10.0902
b[i] -10.0902
b[i] -10.0902
b[i] -10.0902
b[i] -10.0902
b[i] -10.0902
b[i] -10.0902
b[i] -10.0902
b[i] -10.0902
b[i] -10.0902
b[i] -10.0902
b[i] -10.0902
b[i] -10.0902
b[i] -10.0902
b[i] -10.0902
b[i] -10.0902
b[i] -10.0902
b[i] -10.0902
b[i] -10.0902
b[i] -10.0902
b[i] -10.0901
b[i] -10.0901
b[i] -10.0901
b[i] -10.0901
b[i] -10.0901
b[i] -10.0901
b[i] -10.0901
b[i] -10.0901
b[i] -10.0901
b[i] -10.0901
b[i] -10.0901
b[i] -10.0901
b[i] -10.0901
b[i] -10.0901
b[i] -10.0901
b[i] -10.0901
b[i] -10.0901
b[i] -10.0901
b[i] -10.0901
b[i] -10.0901
b[i] -10.0901
b[i] -10.0901
b[i] -10.0901
b[i] -10.0901
b[i] -10.0901
b[i] -10.0901
b[i] -10.0901
b[i] -10.0901
b[i] -10.0901
b[i] -10.0901
b[i] -10.0901
b[i] -10.0901
b[i] -10.0901
b[i] -10.0901
b[i] -10.0901
b[i] -10.0901
b[i] -10.0901
b[i] -10.0901
b[i] -10.0901
b[i] -10.0901
b[i] -10.0901
b[i] -10.0901
b[i] -10.0901
b[i] -10.0901
b[i] -10.0901
b[i] -10.0901
b[i] -10.0901
b[i] -10.0901
b[i] -10.0901
b[i] -10.0901
b[i] -10.0901
b[i] -10.0901
b[i] -10.0901
b[i] -10.0901
b[i] -10.0901
b[i] -10.0901
b[i] -10.0902
b[i] -10.0902
b[i] -10.0902
b[i] -10.0902
b[i] -10.0902
b[i] -10.0902
b[i] -10.0902
b[i] -10.0902
b[i] -10.0902
b[i] -10.0902
b[i] -10.0902
b[i] -10.0902
b[i] -10.0902
b[i] -10.0902
b[i] -10.0902
b[i] -10.0902
b[i] -10.0902
b[i] -10.0902
b[i] -10.0902
b[i] -10.0902
b[i] -10.0902
b[i] -10.0902
b[i] -10.0902
b[i] -10.0902
b[i] -10.0902
b[i] -10.0902
b[i] -10.0902
b[i] -10.0902
b[i] -10.0902
b[i] -10.0902
b[i] -10.0902
b[i] -10.0902
b[i] -10.0902
b[i] -10.0902
b[i] -10.0902
b[i] -10.0902
b[i] 1.17247e-07
b[i] 1.17247e-07
b[i] 1.17247e-07
b[i] 1.17247e-07
b[i] 1.17246e-07
b[i] 1.17246e-07
b[i] 1.17246e-07
b[i] 1.17246e-07
b[i] 1.17247e-07
b[i] 1.17247e-07
b[i] 1.17247e-07
b[i] 1.17247e-07
b[i] 1.17247e-07
b[i] 1.17247e-07
b[i] 1.17247e-07
b[i] 1.17247e-07
b[i] 1.17247e-07
b[i] 1.17247e-07
b[i] 1.17247e-07
b[i] 1.17247e-07
b[i] 1.17247e-07
b[i] 1.17247e-07
b[i] 1.17247e-07
b[i] 1.17247e-07
b[i] 1.17247e-07
b[i] 1.17247e-07
b[i] 1.17247e-07
b[i] 1.17247e-07
b[i] 1.17247e-07
b[i] 1.17247e-07
b[i] 1.17247e-07
b[i] 1.17247e-07
b[i] 1.17247e-07
b[i] 1.17247e-07
b[i] 1.17247e-07
b[i] 1.17247e-07
b[i] 1.17247e-07
b[i] 1.17247e-07
b[i] 1.17247e-07
b[i] 1.17247e-07
b[i] 1.17247e-07
b[i] 1.17247e-07
b[i] 1.17247e-07
b[i] 1.17247e-07
b[i] 1.17247e-07
b[i] 1.17247e-07
b[i] 1.17246e-07
b[i] 1.17247e-07
b[i] 1.17247e-07
b[i] 1.17247e-07
b[i] 1.17247e-07
b[i] 1.17247e-07
b[i] 1.17247e-07
b[i] 1.17247e-07
b[i] 1.17247e-07
b[i] 1.17247e-07
b[i] 1.17247e-07
b[i] 1.17247e-07
b[i] 1.17247e-07
b[i] 1.17247e-07
b[i] 1.17247e-07
b[i] 1.17247e-07
b[i] 1.17247e-07
b[i] 1.17247e-07
b[i] -8.29597e-07
b[i] -8.29597e-07
b[i] -8.29597e-07
b[i] -8.29597e-07
b[i] -8.29597e-07
b[i] -8.29597e-07
b[i] -8.29597e-07
b[i] -8.29597e-07
b[i] -8.29597e-07
b[i] -8.29597e-07
b[i] -8.29597e-07
b[i] -8.29597e-07
b[i] -8.29597e-07
b[i] -8.29597e-07
b[i] -8.29597e-07
b[i] -8.29597e-07
b[i] -8.29597e-07
b[i] -8.29597e-07
b[i] -8.29597e-07
b[i] -8.29597e-07
b[i] -8.29597e-07
b[i] -8.29597e-07
b[i] -8.29597e-07
b[i] -8.29597e-07
b[i] -8.29597e-07
b[i] -8.29597e-07
b[i] -8.29597e-07
b[i] -8.29597e-07
b[i] -8.29597e-07
b[i] -8.29597e-07
b[i] -8.29597e-07
b[i] -8.29598e-07
b[i] -8.29598e-07
b[i] -8.29598e-07
b[i] -8.29598e-07
b[i] -8.29598e-07
b[i] -8.29598e-07
b[i] -8.29598e-07
b[i] -8.29598e-07
b[i] -8.29598e-07
b[i] -8.29598e-07
b[i] -8.29598e-07
b[i] -8.29598e-07
b[i] -8.29598e-07
b[i] -8.29598e-07
b[i] -8.29599e-07
b[i] -8.29599e-07
b[i] -8.29598e-07
b[i] -8.29598e-07
b[i] -8.29598e-07
b[i] -8.29599e-07
b[i] -8.29599e-07
b[i] -8.29599e-07
b[i] -8.29599e-07
b[i] -8.29599e-07
b[i] -8.29599e-07
b[i] -8.29599e-07
b[i] -8.29599e-07
b[i] -8.29599e-07
b[i] -8.29599e-07
b[i] -8.29599e-07
b[i] -8.29599e-07
b[i] -8.29599e-07
b[i] -8.29599e-07
b[i] 10.0902
b[i] 10.0902
b[i] 10.0902
b[i] 10.0902
b[i] 10.0902
b[i] 10.0902
b[i] 10.0902
b[i] 10.0902
b[i] 10.0902
b[i] 10.0902
b[i] 10.0902
b[i] 10.0902
b[i] 10.0902
b[i] 10.0902
b[i] 10.0902
b[i] 10.0902
b[i] 10.0902
b[i] 10.0902
b[i] 10.0902
b[i] 10.0902
b[i] 10.0902
b[i] 10.0902
b[i] 10.0902
b[i] 10.0902
b[i] 10.0902
b[i] 10.0902
b[i] 10.0902
b[i] 10.0902
b[i] 10.0902
b[i] 10.0902
b[i] 10.0902
b[i] 10.0902
b[i] 10.0902
b[i] 10.0902
b[i] 10.0902
b[i] 10.0902
b[i] 10.0901
b[i] 10.0901
b[i] 10.0901
b[i] 10.0901
b[i] 10.0901
b[i] 10.0901
b[i] 10.0901
b[i] 10.0901
b[i] 10.0901
b[i] 10.0901
b[i] 10.0901
b[i] 10.0901
b[i] 10.0901
b[i] 10.0901
b[i] 10.0901
b[i] 10.0901
b[i] 10.0901
b[i] 10.0901
b[i] 10.0901
b[i] 10.0901
b[i] 10.0901
b[i] 10.0901
b[i] 10.0901
b[i] 10.0901
b[i] 10.0901
b[i] 10.0901
b[i] 10.0901
b[i] 10.0901
b[i] -8.29597e-07
b[i] -8.29597e-07
b[i] -8.29597e-07
b[i] -8.29597e-07
b[i] -8.29597e-07
b[i] -8.29597e-07
b[i] -8.29597e-07
b[i] -8.29597e-07
b[i] -8.29597e-07
b[i] -8.29597e-07
b[i] -8.29597e-07
b[i] -8.29597e-07
b[i] -8.29597e-07
b[i] -8.29596e-07
b[i] -8.29596e-07
b[i] -8.29596e-07
b[i] -8.29596e-07
b[i] -8.29596e-07
b[i] -8.29596e-07
b[i] -8.29596e-07
b[i] -8.29596e-07
b[i] -8.29597e-07
b[i] -8.29596e-07
b[i] -8.29597e-07
b[i] -8.29596e-07
b[i] -8.29597e-07
b[i] -8.29597e-07
b[i] -8.29597e-07
b[i] -8.29597e-07
b[i] -8.29597e-07
b[i] -8.29597e-07
b[i] -8.29597e-07
b[i] -8.29597e-07
b[i] -8.29597e-07
b[i] -8.29597e-07
b[i] -8.29597e-07
b[i] -8.29598e-07
b[i] -8.29598e-07
b[i] -8.29598e-07
b[i] -8.29598e-07
b[i] -8.29598e-07
b[i] -8.29598e-07
b[i] -8.29598e-07
b[i] -8.29598e-07
b[i] -8.29598e-07
b[i] -8.29598e-07
b[i] -8.29598e-07
b[i] -8.29598e-07
b[i] -8.29598e-07
b[i] -8.29598e-07
b[i] -8.29598e-07
b[i] -8.29598e-07
b[i] -8.29598e-07
b[i] -8.29598e-07
b[i] -8.29598e-07
b[i] -8.29598e-07
b[i] -8.29598e-07
b[i] -8.29598e-07
b[i] -8.29598e-07
b[i] -8.29599e-07
b[i] -8.29598e-07
b[i] -8.29599e-07
b[i] -8.29599e-07
b[i] -8.29599e-07
b[i] 10.0901
b[i] 10.0901
b[i] 10.0901
b[i] 10.0901
b[i] 10.0901
b[i] 10.0901
b[i] 10.0901
b[i] 10.0901
b[i] 10.0901
b[i] 10.0901
b[i] 10.0901
b[i] 10.0901
b[i] 10.0901
b[i] 10.0901
b[i] 10.0901
b[i] 10.0901
b[i] 10.0901
b[i] 10.0901
b[i] 10.0901
b[i] 10.0901
b[i] 10.0901
b[i] 10.0901
b[i] 10.0901
b[i] 10.0901
b[i] 10.0901
b[i] 10.0901
b[i] 10.0901
b[i] 10.0901
b[i] 10.0902
b[i] 10.0902
b[i] 10.0902
b[i] 10.0902
b[i] 10.0902
b[i] 10.0902
b[i] 10.0902
b[i] 10.0902
b[i] 10.0902
b[i] 10.0902
b[i] 10.0902
b[i] 10.0902
b[i] 10.0902
b[i] 10.0902
b[i] 10.0902
b[i] 10.0902
b[i] 10.0902
b[i] 10.0902
b[i] 10.0902
b[i] 10.0902
b[i] 10.0902
b[i] 10.0902
b[i] 10.0902
b[i] 10.0902
b[i] 10.0902
b[i] 10.0902
b[i] 10.0902
b[i] 10.0902
b[i] 10.0902
b[i] 10.0902
b[i] 10.0902
b[i] 10.0902
b[i] 10.0902
b[i] 10.0902
b[i] 10.0902
b[i] 10.0902
b[i] -1.57515e-07
b[i] -1.57515e-07
b[i] -1.57515e-07
b[i] -1.57515e-07
b[i] -1.57515e-07
b[i] -1.57515e-07
b[i] -1.57515e-07
b[i] -1.57515e-07
b[i] -1.57515e-07
b[i] -1.57515e-07
b[i] -1.57515e-07
b[i] -1.57515e-07
b[i] -1.57515e-07
b[i] -1.57515e-07
b[i] -1.57515e-07
b[i] -1.57516e-07
b[i] -1.57516e-07
b[i] -1.57515e-07
b[i] -1.57515e-07
b[i] -1.57515e-07
b[i] -1.57515e-07
b[i] -1.57515e-07
b[i] -1.57515e-07
b[i] -1.57515e-07
b[i] -1.57515e-07
b[i] -1.57516e-07
b[i] -1.57515e-07
b[i] -1.57515e-07
b[i] -1.57515e-07
b[i] -1.57515e-07
b[i] -1.57515e-07
b[i] -1.57515e-07
b[i] -1.57515e-07
b[i] -1.57515e-07
b[i] -1.57515e-07
b[i] -1.57515e-07
b[i] -1.57515e-07
b[i] -1.57515e-07
b[i] -1.57515e-07
b[i] -1.57515e-07
b[i] -1.57515e-07
b[i] -1.57515e-07
b[i] -1.57515e-07
b[i] -1.57515e-07
b[i] -1.57515e-07
b[i] -1.57515e-07
b[i] -1.57515e-07
b[i] -1.57515e-07
b[i] -1.57515e-07
b[i] -1.57515e-07
b[i] -1.57515e-07
b[i] -1.57515e-07
b[i] -1.57515e-07
b[i] -1.57515e-07
b[i] -1.57515e-07
b[i] -1.57515e-07
b[i] -1.57515e-07
b[i] -1.57515e-07
b[i] -1.57515e-07
b[i] -1.57515e-07
b[i] -1.57515e-07
b[i] -1.57515e-07
b[i] -1.57515e-07
b[i] -1.57515e-07
b[i] -10.7298
b[i] -10.7298
b[i] -10.7298
b[i] -10.7298
b[i] -10.7298
b[i] -10.7298
b[i] -10.7298
b[i] -10.7298
b[i] -10.7298
b[i] -10.7298
b[i] -10.7299
b[i] -10.7299
b[i] -10.7299
b[i] -10.7299
b[i] -10.7299
b[i] -10.7299
b[i] -10.7299
b[i] -10.7299
b[i] -10.7299
b[i] -10.7299
b[i] -10.7299
b[i] -10.7299
b[i] -10.73
b[i] -10.73
b[i] -10.73
b[i] -10.73
b[i] -10.73
b[i] -10.73
b[i] -10.73
b[i] -10.73
b[i] -10.73
b[i] -10.73
b[i] -10.73
b[i] -10.73
b[i] -10.73
b[i] -10.73
b[i] -10.7301
b[i] -10.7301
b[i] -10.7301
b[i] -10.7301
b[i] -10.7301
b[i] -10.7301
b[i] -10.7301
b[i] -10.7301
b[i] -10.7301
b[i] -10.7301
b[i] -10.7301
b[i] -10.7301
b[i] -10.7301
b[i] -10.7301
b[i] -10.7301
b[i] -10.7301
b[i] -10.7301
b[i] -10.73
b[i] -10.73
b[i] -10.73
b[i] -10.73
b[i] -10.73
b[i] -10.73
b[i] -10.73
b[i] -10.73
b[i] -10.73
b[i] -10.73
b[i] -10.73
b[i] 10.0901
b[i] 10.0901
b[i] 10.0901
b[i] 10.0901
b[i] 10.0901
b[i] 10.0901
b[i] 10.0901
b[i] 10.0901
b[i] 10.0901
b[i] 10.0901
b[i] 10.0901
b[i] 10.0901
b[i] 10.0901
b[i] 10.0901
b[i] 10.0901
b[i] 10.0901
b[i] 10.0901
b[i] 10.0901
b[i] 10.0901
b[i] 10.0901
b[i] 10.0901
b[i] 10.0901
b[i] 10.0901
b[i] 10.0901
b[i] 10.0901
b[i] 10.0901
b[i] 10.0901
b[i] 10.0901
b[i] 10.0902
b[i] 10.0902
b[i] 10.0902
b[i] 10.0902
b[i] 10.0902
b[i] 10.0902
b[i] 10.0902
b[i] 10.0902
b[i] 10.0902
b[i] 10.0902
b[i] 10.0902
b[i] 10.0902
b[i] 10.0902
b[i] 10.0902
b[i] 10.0902
b[i] 10.0902
b[i] 10.0902
b[i] 10.0902
b[i] 10.0902
b[i] 10.0902
b[i] 10.0902
b[i] 10.0902
b[i] 10.0902
b[i] 10.0902
b[i] 10.0902
b[i] 10.0902
b[i] 10.0902
b[i] 10.0902
b[i] 10.0902
b[i] 10.0902
b[i] 10.0902
b[i] 10.0902
b[i] 10.0902
b[i] 10.0902
b[i] 10.0902
b[i] 10.0902
b[i] 5.36491
b[i] 5.36491
b[i] 5.36491
b[i] 5.36491
b[i] 5.36491
b[i] 5.36491
b[i] 5.36491
b[i] 5.36492
b[i] 5.36492
b[i] 5.36492
b[i] 5.36493
b[i] 5.36493
b[i] 5.36493
b[i] 5.36494
b[i] 5.36494
b[i] 5.36495
b[i] 5.36495
b[i] 5.36496
b[i] 5.36496
b[i] 5.36496
b[i] 5.36497
b[i] 5.36497
b[i] 5.36498
b[i] 5.36498
b[i] 5.36499
b[i] 5.36499
b[i] 5.365
b[i] 5.365
b[i] 5.365
b[i] 5.36501
b[i] 5.36501
b[i] 5.36501
b[i] 5.36502
b[i] 5.36502
b[i] 5.36502
b[i] 5.36502
b[i] 5.36503
b[i] 5.36503
b[i] 5.36503
b[i] 5.36503
b[i] 5.36503
b[i] 5.36503
b[i] 5.36503
b[i] 5.36503
b[i] 5.36503
b[i] 5.36503
b[i] 5.36503
b[i] 5.36503
b[i] 5.36503
b[i] 5.36503
b[i] 5.36503
b[i] 5.36503
b[i] 5.36503
b[i] 5.36502
b[i] 5.36502
b[i] 5.36502
b[i] 5.36502
b[i] 5.36502
b[i] 5.36502
b[i] 5.36501
b[i] 5.36501
b[i] 5.36501
b[i] 5.36501
b[i] 5.36501
b[i] -10.0901
b[i] -10.0901
b[i] -10.0901
b[i] -10.0901
b[i] -10.0901
b[i] -10.0901
b[i] -10.0901
b[i] -10.0901
b[i] -10.0901
b[i] -10.0901
b[i] -10.0901
b[i] -10.0901
b[i] -10.0901
b[i] -10.0901
b[i] -10.0901
b[i] -10.0901
b[i] -10.0901
b[i] -10.0901
b[i] -10.0901
b[i] -10.0901
b[i] -10.0901
b[i] -10.0901
b[i] -10.0901
b[i] -10.0901
b[i] -10.0901
b[i] -10.0901
b[i] -10.0901
b[i] -10.0901
b[i] -10.0902
b[i] -10.0902
b[i] -10.0902
b[i] -10.0902
b[i] -10.0902
b[i] -10.0902
b[i] -10.0902
b[i] -10.0902
b[i] -10.0902
b[i] -10.0902
b[i] -10.0902
b[i] -10.0902
b[i] -10.0902
b[i] -10.0902
b[i] -10.0902
b[i] -10.0902
b[i] -10.0902
b[i] -10.0902
b[i] -10.0902
b[i] -10.0902
b[i] -10.0902
b[i] -10.0902
b[i] -10.0902
b[i] -10.0902
b[i] -10.0902
b[i] -10.0902
b[i] -10.0902
b[i] -10.0902
b[i] -10.0902
b[i] -10.0902
b[i] -10.0902
b[i] -10.0902
b[i] -10.0902
b[i] -10.0902
b[i] -10.0902
b[i] -10.0902
b[i] -5.36491
b[i] -5.36491
b[i] -5.36491
b[i] -5.36491
b[i] -5.36491
b[i] -5.36491
b[i] -5.36491
b[i] -5.36492
b[i] -5.36492
b[i] -5.36492
b[i] -5.36493
b[i] -5.36493
b[i] -5.36493
b[i] -5.36494
b[i] -5.36494
b[i] -5.36495
b[i] -5.36495
b[i] -5.36496
b[i] -5.36496
b[i] -5.36496
b[i] -5.36497
b[i] -5.36497
b[i] -5.36498
b[i] -5.36498
b[i] -5.36499
b[i] -5.36499
b[i] -5.365
b[i] -5.365
b[i] -5.365
b[i] -5.36501
b[i] -5.36501
b[i] -5.36501
b[i] -5.36502
b[i] -5.36502
b[i] -5.36502
b[i] -5.36502
b[i] -5.36503
b[i] -5.36503
b[i] -5.36503
b[i] -5.36503
b[i] -5.36503
b[i] -5.36503
b[i] -5.36503
b[i] -5.36503
b[i] -5.36503
b[i] -5.36503
b[i] -5.36503
b[i] -5.36503
b[i] -5.36503
b[i] -5.36503
b[i] -5.36503
b[i] -5.36503
b[i] -5.36503
b[i] -5.36502
b[i] -5.36502
b[i] -5.36502
b[i] -5.36502
b[i] -5.36502
b[i] -5.36502
b[i] -5.36501
b[i] -5.36501
b[i] -5.36501
b[i] -5.36501
b[i] -5.36501
b[i] 10.0901
b[i] 10.0901
b[i] 10.0901
b[i] 10.0901
b[i] 10.0901
b[i] 10.0901
b[i] 10.0901
b[i] 10.0901
b[i] 10.0901
b[i] 10.0901
b[i] 10.0901
b[i] 10.0901
b[i] 10.0901
b[i] 10.0901
b[i] 10.0901
b[i] 10.0901
b[i] 10.0901
b[i] 10.0901
b[i] 10.0901
b[i] 10.0901
b[i] 10.0901
b[i] 10.0901
b[i] 10.0901
b[i] 10.0901
b[i] 10.0901
b[i] 10.0901
b[i] 10.0901
b[i] 10.0901
b[i] 10.0902
b[i] 10.0902
b[i] 10.0902
b[i] 10.0902
b[i] 10.0902
b[i] 10.0902
b[i] 10.0902
b[i] 10.0902
b[i] 10.0902
b[i] 10.0902
b[i] 10.0902
b[i] 10.0902
b[i] 10.0902
b[i] 10.0902
b[i] 10.0902
b[i] 10.0902
b[i] 10.0902
b[i] 10.0902
b[i] 10.0902
b[i] 10.0902
b[i] 10.0902
b[i] 10.0902
b[i] 10.0902
b[i] 10.0902
b[i] 10.0902
b[i] 10.0902
b[i] 10.0902
b[i] 10.0902
b[i] 10.0902
b[i] 10.0902
b[i] 10.0902
b[i] 10.0902
b[i] 10.0902
b[i] 10.0902
b[i] 10.0902
b[i] 10.0902
b[i] 5.36491
b[i] 5.36491
b[i] 5.36491
b[i] 5.36491
b[i] 5.36491
b[i] 5.36491
b[i] 5.36491
b[i] 5.36492
b[i] 5.36492
b[i] 5.36492
b[i] 5.36493
b[i] 5.36493
b[i] 5.36493
b[i] 5.36494
b[i] 5.36494
b[i] 5.36495
b[i] 5.36495
b[i] 5.36496
b[i] 5.36496
b[i] 5.36496
b[i] 5.36497
b[i] 5.36497
b[i] 5.36498
b[i] 5.36498
b[i] 5.36499
b[i] 5.36499
b[i] 5.365
b[i] 5.365
b[i] 5.365
b[i] 5.36501
b[i] 5.36501
b[i] 5.36501
b[i] 5.36502
b[i] 5.36502
b[i] 5.36502
b[i] 5.36502
b[i] 5.36503
b[i] 5.36503
b[i] 5.36503
b[i] 5.36503
b[i] 5.36503
b[i] 5.36503
b[i] 5.36503
b[i] 5.36503
b[i] 5.36503
b[i] 5.36503
b[i] 5.36503
b[i] 5.36503
b[i] 5.36503
b[i] 5.36503
b[i] 5.36503
b[i] 5.36503
b[i] 5.36503
b[i] 5.36502
b[i] 5.36502
b[i] 5.36502
b[i] 5.36502
b[i] 5.36502
b[i] 5.36502
b[i] 5.36501
b[i] 5.36501
b[i] 5.36501
b[i] 5.36501
b[i] 5.36501
b[i] -10.0901
b[i] -10.0901
b[i] -10.0901
b[i] -10.0901
b[i] -10.0901
b[i] -10.0901
b[i] -10.0901
b[i] -10.0901
b[i] -10.0901
b[i] -10.0901
b[i] -10.0901
b[i] -10.0901
b[i] -10.0901
b[i] -10.0901
b[i] -10.0901
b[i] -10.0901
b[i] -10.0901
b[i] -10.0901
b[i] -10.0901
b[i] -10.0901
b[i] -10.0901
b[i] -10.0901
b[i] -10.0901
b[i] -10.0901
b[i] -10.0901
b[i] -10.0901
b[i] -10.0901
b[i] -10.0901
b[i] -10.0902
b[i] -10.0902
b[i] -10.0902
b[i] -10.0902
b[i] -10.0902
b[i] -10.0902
b[i] -10.0902
b[i] -10.0902
b[i] -10.0902
b[i] -10.0902
b[i] -10.0902
b[i] -10.0902
b[i] -10.0902
b[i] -10.0902
b[i] -10.0902
b[i] -10.0902
b[i] -10.0902
b[i] -10.0902
b[i] -10.0902
b[i] -10.0902
b[i] -10.0902
b[i] -10.0902
b[i] -10.0902
b[i] -10.0902
b[i] -10.0902
b[i] -10.0902
b[i] -10.0902
b[i] -10.0902
b[i] -10.0902
b[i] -10.0902
b[i] -10.0902
b[i] -10.0902
b[i] -10.0902
b[i] -10.0902
b[i] -10.0902
b[i] -10.0902
b[i] -4.30394e-08
b[i] -4.30394e-08
b[i] -4.30394e-08
b[i] -4.30394e-08
b[i] -4.30394e-08
b[i] -4.30394e-08
b[i] -4.30394e-08
b[i] -4.30394e-08
b[i] -4.30394e-08
b[i] -4.30394e-08
b[i] -4.30394e-08
b[i] -4.30395e-08
b[i] -4.30394e-08
b[i] -4.30395e-08
b[i] -4.30395e-08
b[i] -4.30395e-08
b[i] -4.30395e-08
b[i] -4.30395e-08
b[i] -4.30395e-08
b[i] -4.30395e-08
b[i] -4.30395e-08
b[i] -4.30395e-08
b[i] -4.30395e-08
b[i] -4.30395e-08
b[i] -4.30395e-08
b[i] -4.30395e-08
b[i] -4.30395e-08
b[i] -4.30395e-08
b[i] -4.30395e-08
b[i] -4.30395e-08
b[i] -4.30395e-08
b[i] -4.30395e-08
b[i] -4.30395e-08
b[i] -4.30395e-08
b[i] -4.30395e-08
b[i] -4.30395e-08
b[i] -4.30395e-08
b[i] -4.30394e-08
b[i] -4.30394e-08
b[i] -4.30394e-08
b[i] -4.30394e-08
b[i] -4.30394e-08
b[i] -4.30394e-08
b[i] -4.30394e-08
b[i] -4.30394e-08
b[i] -4.30394e-08
b[i] -4.30394e-08
b[i] -4.30394e-08
b[i] -4.30394e-08
b[i] -4.30394e-08
b[i] -4.30394e-08
b[i] -4.30394e-08
b[i] -4.30394e-08
b[i] -4.30394e-08
b[i] -4.30394e-08
b[i] -4.30394e-08
b[i] -4.30394e-08
b[i] -4.30394e-08
b[i] -4.30394e-08
b[i] -4.30394e-08
b[i] -4.30394e-08
b[i] -4.30394e-08
b[i] -4.30394e-08
b[i] -4.30394e-08
b[i] 10.0902
b[i] 10.0902
b[i] 10.0902
b[i] 10.0902
b[i] 10.0902
b[i] 10.0902
b[i] 10.0902
b[i] 10.0902
b[i] 10.0902
b[i] 10.0902
b[i] 10.0902
b[i] 10.0902
b[i] 10.0902
b[i] 10.0902
b[i] 10.0902
b[i] 10.0902
b[i] 10.0902
b[i] 10.0902
b[i] 10.0902
b[i] 10.0902
b[i] 10.0902
b[i] 10.0902
b[i] 10.0902
b[i] 10.0902
b[i] 10.0902
b[i] 10.0902
b[i] 10.0902
b[i] 10.0902
b[i] 10.0902
b[i] 10.0902
b[i] 10.0902
b[i] 10.0902
b[i] 10.0902
b[i] 10.0902
b[i] 10.0902
b[i] 10.0902
b[i] 10.0901
b[i] 10.0901
b[i] 10.0901
b[i] 10.0901
b[i] 10.0901
b[i] 10.0901
b[i] 10.0901
b[i] 10.0901
b[i] 10.0901
b[i] 10.0901
b[i] 10.0901
b[i] 10.0901
b[i] 10.0901
b[i] 10.0901
b[i] 10.0901
b[i] 10.0901
b[i] 10.0901
b[i] 10.0901
b[i] 10.0901
b[i] 10.0901
b[i] 10.0901
b[i] 10.0901
b[i] 10.0901
b[i] 10.0901
b[i] 10.0901
b[i] 10.0901
b[i] 10.0901
b[i] 10.0901
b[i] -6.06836e-07
b[i] -6.06836e-07
b[i] -6.06836e-07
b[i] -6.06836e-07
b[i] -6.06836e-07
b[i] -6.06836e-07
b[i] -6.06836e-07
b[i] -6.06836e-07
b[i] -6.06836e-07
b[i] -6.06836e-07
b[i] -6.06836e-07
b[i] -6.06836e-07
b[i] -6.06836e-07
b[i] -6.06836e-07
b[i] -6.06836e-07
b[i] -6.06836e-07
b[i] -6.06836e-07
b[i] -6.06836e-07
b[i] -6.06836e-07
b[i] -6.06836e-07
b[i] -6.06836e-07
b[i] -6.06836e-07
b[i] -6.06836e-07
b[i] -6.06836e-07
b[i] -6.06836e-07
b[i] -6.06837e-07
b[i] -6.06836e-07
b[i] -6.06837e-07
b[i] -6.06837e-07
b[i] -6.06837e-07
b[i] -6.06837e-07
b[i] -6.06836e-07
b[i] -6.06837e-07
b[i] -6.06836e-07
b[i] -6.06836e-07
b[i] -6.06836e-07
b[i] -6.06836e-07
b[i] -6.06836e-07
b[i] -6.06836e-07
b[i] -6.06836e-07
b[i] -6.06836e-07
b[i] -6.06836e-07
b[i] -6.06836e-07
b[i] -6.06836e-07
b[i] -6.06836e-07
b[i] -6.06836e-07
b[i] -6.06836e-07
b[i] -6.06836e-07
b[i] -6.06836e-07
b[i] -6.06836e-07
b[i] -6.06836e-07
b[i] -6.06836e-07
b[i] -6.06836e-07
b[i] -6.06836e-07
b[i] -6.06836e-07
b[i] -6.06836e-07
b[i] -6.06837e-07
b[i] -6.06837e-07
b[i] -6.06837e-07
b[i] -6.06837e-07
b[i] -6.06837e-07
b[i] -6.06837e-07
b[i] -6.06837e-07
b[i] -6.06837e-07
b[i] -10.0902
b[i] -10.0902
b[i] -10.0902
b[i] -10.0902
b[i] -10.0902
b[i] -10.0902
b[i] -10.0902
b[i] -10.0902
b[i] -10.0902
b[i] -10.0902
b[i] -10.0902
b[i] -10.0902
b[i] -10.0902
b[i] -10.0902
b[i] -10.0902
b[i] -10.0902
b[i] -10.0902
b[i] -10.0902
b[i] -10.0902
b[i] -10.0902
b[i] -10.0902
b[i] -10.0902
b[i] -10.0902
b[i] -10.0902
b[i] -10.0902
b[i] -10.0902
b[i] -10.0902
b[i] -10.0902
b[i] -10.0902
b[i] -10.0902
b[i] -10.0902
b[i] -10.0902
b[i] -10.0902
b[i] -10.0902
b[i] -10.0902
b[i] -10.0902
b[i] -10.0901
b[i] -10.0901
b[i] -10.0901
b[i] -10.0901
b[i] -10.0901
b[i] -10.0901
b[i] -10.0901
b[i] -10.0901
b[i] -10.0901
b[i] -10.0901
b[i] -10.0901
b[i] -10.0901
b[i] -10.0901
b[i] -10.0901
b[i] -10.0901
b[i] -10.0901
b[i] -10.0901
b[i] -10.0901
b[i] -10.0901
b[i] -10.0901
b[i] -10.0901
b[i] -10.0901
b[i] -10.0901
b[i] -10.0901
b[i] -10.0901
b[i] -10.0901
b[i] -10.0901
b[i] -10.0901
b[i] 10.0902
b[i] 10.0902
b[i] 10.0902
b[i] 10.0902
b[i] 10.0902
b[i] 10.0902
b[i] 10.0902
b[i] 10.0902
b[i] 10.0902
b[i] 10.0902
b[i] 10.0902
b[i] 10.0902
b[i] 10.0902
b[i] 10.0902
b[i] 10.0902
b[i] 10.0902
b[i] 10.0902
b[i] 10.0902
b[i] 10.0902
b[i] 10.0902
b[i] 10.0902
b[i] 10.0902
b[i] 10.0902
b[i] 10.0902
b[i] 10.0902
b[i] 10.0902
b[i] 10.0902
b[i] 10.0902
b[i] 10.0902
b[i] 10.0902
b[i] 10.0902
b[i] 10.0902
b[i] 10.0902
b[i] 10.0902
b[i] 10.0902
b[i] 10.0902
b[i] 10.0901
b[i] 10.0901
b[i] 10.0901
b[i] 10.0901
b[i] 10.0901
b[i] 10.0901
b[i] 10.0901
b[i] 10.0901
b[i] 10.0901
b[i] 10.0901
b[i] 10.0901
b[i] 10.0901
b[i] 10.0901
b[i] 10.0901
b[i] 10.0901
b[i] 10.0901
b[i] 10.0901
b[i] 10.0901
b[i] 10.0901
b[i] 10.0901
b[i] 10.0901
b[i] 10.0901
b[i] 10.0901
b[i] 10.0901
b[i] 10.0901
b[i] 10.0901
b[i] 10.0901
b[i] 10.0901
b[i] -10.0902
b[i] -10.0902
b[i] -10.0902
b[i] -10.0902
b[i] -10.0902
b[i] -10.0902
b[i] -10.0902
b[i] -10.0902
b[i] -10.0902
b[i] -10.0902
b[i] -10.0902
b[i] -10.0902
b[i] -10.0902
b[i] -10.0902
b[i] -10.0902
b[i] -10.0902
b[i] -10.0902
b[i] -10.0902
b[i] -10.0902
b[i] -10.0902
b[i] -10.0902
b[i] -10.0902
b[i] -10.0902
b[i] -10.0902
b[i] -10.0902
b[i] -10.0902
b[i] -10.0902
b[i] -10.0902
b[i] -10.0902
b[i] -10.0902
b[i] -10.0902
b[i] -10.0902
b[i] -10.0902
b[i] -10.0902
b[i] -10.0902
b[i] -10.0902
b[i] -10.0901
b[i] -10.0901
b[i] -10.0901
b[i] -10.0901
b[i] -10.0901
b[i] -10.0901
b[i] -10.0901
b[i] -10.0901
b[i] -10.0901
b[i] -10.0901
b[i] -10.0901
b[i] -10.0901
b[i] -10.0901
b[i] -10.0901
b[i] -10.0901
b[i] -10.0901
b[i] -10.0901
b[i] -10.0901
b[i] -10.0901
b[i] -10.0901
b[i] -10.0901
b[i] -10.0901
b[i] -10.0901
b[i] -10.0901
b[i] -10.0901
b[i] -10.0901
b[i] -10.0901
b[i] -10.0901
b[i] 10.73
b[i] 10.73
b[i] 10.73
b[i] 10.73
b[i] 10.73
b[i] 10.73
b[i] 10.73
b[i] 10.73
b[i] 10.73
b[i] 10.73
b[i] 10.73
b[i] 10.7301
b[i] 10.7301
b[i] 10.7301
b[i] 10.7301
b[i] 10.7301
b[i] 10.7301
b[i] 10.7301
b[i] 10.7301
b[i] 10.7301
b[i] 10.7301
b[i] 10.7301
b[i] 10.7301
b[i] 10.7301
b[i] 10.7301
b[i] 10.7301
b[i] 10.7301
b[i] 10.7301
b[i] 10.73
b[i] 10.73
b[i] 10.73
b[i] 10.73
b[i] 10.73
b[i] 10.73
b[i] 10.73
b[i] 10.73
b[i] 10.73
b[i] 10.73
b[i] 10.73
b[i] 10.73
b[i] 10.73
b[i] 10.73
b[i] 10.7299
b[i] 10.7299
b[i] 10.7299
b[i] 10.7299
b[i] 10.7299
b[i] 10.7299
b[i] 10.7299
b[i] 10.7299
b[i] 10.7299
b[i] 10.7299
b[i] 10.7299
b[i] 10.7299
b[i] 10.7298
b[i] 10.7298
b[i] 10.7298
b[i] 10.7298
b[i] 10.7298
b[i] 10.7298
b[i] 10.7298
b[i] 10.7298
b[i] 10.7298
b[i] 10.7298
b[i] 10.0901
b[i] 10.0901
b[i] 10.0901
b[i] 10.0901
b[i] 10.0901
b[i] 10.0901
b[i] 10.0901
b[i] 10.0901
b[i] 10.0901
b[i] 10.0901
b[i] 10.0901
b[i] 10.0901
b[i] 10.0901
b[i] 10.0901
b[i] 10.0901
b[i] 10.0901
b[i] 10.0901
b[i] 10.0901
b[i] 10.0901
b[i] 10.0901
b[i] 10.0901
b[i] 10.0901
b[i] 10.0901
b[i] 10.0901
b[i] 10.0901
b[i] 10.0901
b[i] 10.0901
b[i] 10.0901
b[i] 10.0902
b[i] 10.0902
b[i] 10.0902
b[i] 10.0902
b[i] 10.0902
b[i] 10.0902
b[i] 10.0902
b[i] 10.0902
b[i] 10.0902
b[i] 10.0902
b[i] 10.0902
b[i] 10.0902
b[i] 10.0902
b[i] 10.0902
b[i] 10.0902
b[i] 10.0902
b[i] 10.0902
b[i] 10.0902
b[i] 10.0902
b[i] 10.0902
b[i] 10.0902
b[i] 10.0902
b[i] 10.0902
b[i] 10.0902
b[i] 10.0902
b[i] 10.0902
b[i] 10.0902
b[i] 10.0902
b[i] 10.0902
b[i] 10.0902
b[i] 10.0902
b[i] 10.0902
b[i] 10.0902
b[i] 10.0902
b[i] 10.0902
b[i] 10.0902
b[i] -5.36491
b[i] -5.36491
b[i] -5.36491
b[i] -5.36491
b[i] -5.36491
b[i] -5.36491
b[i] -5.36491
b[i] -5.36492
b[i] -5.36492
b[i] -5.36492
b[i] -5.36493
b[i] -5.36493
b[i] -5.36493
b[i] -5.36494
b[i] -5.36494
b[i] -5.36495
b[i] -5.36495
b[i] -5.36496
b[i] -5.36496
b[i] -5.36496
b[i] -5.36497
b[i] -5.36497
b[i] -5.36498
b[i] -5.36498
b[i] -5.36499
b[i] -5.36499
b[i] -5.365
b[i] -5.365
b[i] -5.365
b[i] -5.36501
b[i] -5.36501
b[i] -5.36501
b[i] -5.36502
b[i] -5.36502
b[i] -5.36502
b[i] -5.36502
b[i] -5.36503
b[i] -5.36503
b[i] -5.36503
b[i] -5.36503
b[i] -5.36503
b[i] -5.36503
b[i] -5.36503
b[i] -5.36503
b[i] -5.36503
b[i] -5.36503
b[i] -5.36503
b[i] -5.36503
b[i] -5.36503
b[i] -5.36503
b[i] -5.36503
b[i] -5.36503
b[i] -5.36503
b[i] -5.36502
b[i] -5.36502
b[i] -5.36502
b[i] -5.36502
b[i] -5.36502
b[i] -5.36502
b[i] -5.36501
b[i] -5.36501
b[i] -5.36501
b[i] -5.36501
b[i] -5.36501
b[i] 10.0901
b[i] 10.0901
b[i] 10.0901
b[i] 10.0901
b[i] 10.0901
b[i] 10.0901
b[i] 10.0901
b[i] 10.0901
b[i] 10.0901
b[i] 10.0901
b[i] 10.0901
b[i] 10.0901
b[i] 10.0901
b[i] 10.0901
b[i] 10.0901
b[i] 10.0901
b[i] 10.0901
b[i] 10.0901
b[i] 10.0901
b[i] 10.0901
b[i] 10.0901
b[i] 10.0901
b[i] 10.0901
b[i] 10.0901
b[i] 10.0901
b[i] 10.0901
b[i] 10.0901
b[i] 10.0901
b[i] 10.0902
b[i] 10.0902
b[i] 10.0902
b[i] 10.0902
b[i] 10.0902
b[i] 10.0902
b[i] 10.0902
b[i] 10.0902
b[i] 10.0902
b[i] 10.0902
b[i] 10.0902
b[i] 10.0902
b[i] 10.0902
b[i] 10.0902
b[i] 10.0902
b[i] 10.0902
b[i] 10.0902
b[i] 10.0902
b[i] 10.0902
b[i] 10.0902
b[i] 10.0902
b[i] 10.0902
b[i] 10.0902
b[i] 10.0902
b[i] 10.0902
b[i] 10.0902
b[i] 10.0902
b[i] 10.0902
b[i] 10.0902
b[i] 10.0902
b[i] 10.0902
b[i] 10.0902
b[i] 10.0902
b[i] 10.0902
b[i] 10.0902
b[i] 10.0902
b[i] -10.0902
b[i] -10.0902
b[i] -10.0902
b[i] -10.0902
b[i] -10.0902
b[i] -10.0902
b[i] -10.0902
b[i] -10.0902
b[i] -10.0902
b[i] -10.0902
b[i] -10.0902
b[i] -10.0902
b[i] -10.0902
b[i] -10.0902
b[i] -10.0902
b[i] -10.0902
b[i] -10.0902
b[i] -10.0902
b[i] -10.0902
b[i] -10.0902
b[i] -10.0902
b[i] -10.0902
b[i] -10.0902
b[i] -10.0902
b[i] -10.0902
b[i] -10.0902
b[i] -10.0902
b[i] -10.0902
b[i] -10.0902
b[i] -10.0902
b[i] -10.0902
b[i] -10.0902
b[i] -10.0902
b[i] -10.0902
b[i] -10.0902
b[i] -10.0902
b[i] -10.0901
b[i] -10.0901
b[i] -10.0901
b[i] -10.0901
b[i] -10.0901
b[i] -10.0901
b[i] -10.0901
b[i] -10.0901
b[i] -10.0901
b[i] -10.0901
b[i] -10.0901
b[i] -10.0901
b[i] -10.0901
b[i] -10.0901
b[i] -10.0901
b[i] -10.0901
b[i] -10.0901
b[i] -10.0901
b[i] -10.0901
b[i] -10.0901
b[i] -10.0901
b[i] -10.0901
b[i] -10.0901
b[i] -10.0901
b[i] -10.0901
b[i] -10.0901
b[i] -10.0901
b[i] -10.0901
b[i] 6.06836e-07
b[i] 6.06836e-07
b[i] 6.06836e-07
b[i] 6.06836e-07
b[i] 6.06836e-07
b[i] 6.06836e-07
b[i] 6.06836e-07
b[i] 6.06836e-07
b[i] 6.06836e-07
b[i] 6.06836e-07
b[i] 6.06836e-07
b[i] 6.06836e-07
b[i] 6.06836e-07
b[i] 6.06836e-07
b[i] 6.06836e-07
b[i] 6.06836e-07
b[i] 6.06836e-07
b[i] 6.06836e-07
b[i] 6.06836e-07
b[i] 6.06836e-07
b[i] 6.06836e-07
b[i] 6.06836e-07
b[i] 6.06836e-07
b[i] 6.06836e-07
b[i] 6.06836e-07
b[i] 6.06837e-07
b[i] 6.06836e-07
b[i] 6.06837e-07
b[i] 6.06837e-07
b[i] 6.06837e-07
b[i] 6.06837e-07
b[i] 6.06836e-07
b[i] 6.06837e-07
b[i] 6.06836e-07
b[i] 6.06836e-07
b[i] 6.06836e-07
b[i] 6.06836e-07
b[i] 6.06836e-07
b[i] 6.06836e-07
b[i] 6.06836e-07
b[i] 6.06836e-07
b[i] 6.06836e-07
b[i] 6.06836e-07
b[i] 6.06836e-07
b[i] 6.06836e-07
b[i] 6.06836e-07
b[i] 6.06836e-07
b[i] 6.06836e-07
b[i] 6.06836e-07
b[i] 6.06836e-07
b[i] 6.06836e-07
b[i] 6.06836e-07
b[i] 6.06836e-07
b[i] 6.06836e-07
b[i] 6.06836e-07
b[i] 6.06836e-07
b[i] 6.06837e-07
b[i] 6.06837e-07
b[i] 6.06837e-07
b[i] 6.06837e-07
b[i] 6.06837e-07
b[i] 6.06837e-07
b[i] 6.06837e-07
b[i] 6.06837e-07
b[i] -10.0901
b[i] -10.0901
b[i] -10.0901
b[i] -10.0901
b[i] -10.0901
b[i] -10.0901
b[i] -10.0901
b[i] -10.0901
b[i] -10.0901
b[i] -10.0901
b[i] -10.0901
b[i] -10.0901
b[i] -10.0901
b[i] -10.0901
b[i] -10.0901
b[i] -10.0901
b[i] -10.0901
b[i] -10.0901
b[i] -10.0901
b[i] -10.0901
b[i] -10.0901
b[i] -10.0901
b[i] -10.0901
b[i] -10.0901
b[i] -10.0901
b[i] -10.0901
b[i] -10.0901
b[i] -10.0901
b[i] -10.0902
b[i] -10.0902
b[i] -10.0902
b[i] -10.0902
b[i] -10.0902
b[i] -10.0902
b[i] -10.0902
b[i] -10.0902
b[i] -10.0902
b[i] -10.0902
b[i] -10.0902
b[i] -10.0902
b[i] -10.0902
b[i] -10.0902
b[i] -10.0902
b[i] -10.0902
b[i] -10.0902
b[i] -10.0902
b[i] -10.0902
b[i] -10.0902
b[i] -10.0902
b[i] -10.0902
b[i] -10.0902
b[i] -10.0902
b[i] -10.0902
b[i] -10.0902
b[i] -10.0902
b[i] -10.0902
b[i] -10.0902
b[i] -10.0902
b[i] -10.0902
b[i] -10.0902
b[i] -10.0902
b[i] -10.0902
b[i] -10.0902
b[i] -10.0902
b[i] 1.57515e-07
b[i] 1.57515e-07
b[i] 1.57515e-07
b[i] 1.57515e-07
b[i] 1.57515e-07
b[i] 1.57515e-07
b[i] 1.57515e-07
b[i] 1.57515e-07
b[i] 1.57515e-07
b[i] 1.57515e-07
b[i] 1.57515e-07
b[i] 1.57515e-07
b[i] 1.57515e-07
b[i] 1.57515e-07
b[i] 1.57515e-07
b[i] 1.57515e-07
b[i] 1.57516e-07
b[i] 1.57515e-07
b[i] 1.57515e-07
b[i] 1.57515e-07
b[i] 1.57515e-07
b[i] 1.57515e-07
b[i] 1.57515e-07
b[i] 1.57515e-07
b[i] 1.57515e-07
b[i] 1.57516e-07
b[i] 1.57515e-07
b[i] 1.57515e-07
b[i] 1.57515e-07
b[i] 1.57515e-07
b[i] 1.57515e-07
b[i] 1.57515e-07
b[i] 1.57515e-07
b[i] 1.57515e-07
b[i] 1.57515e-07
b[i] 1.57515e-07
b[i] 1.57515e-07
b[i] 1.57515e-07
b[i] 1.57515e-07
b[i] 1.57515e-07
b[i] 1.57515e-07
b[i] 1.57515e-07
b[i] 1.57515e-07
b[i] 1.57515e-07
b[i] 1.57515e-07
b[i] 1.57515e-07
b[i] 1.57515e-07
b[i] 1.57515e-07
b[i] 1.57515e-07
b[i] 1.57515e-07
b[i] 1.57515e-07
b[i] 1.57515e-07
b[i] 1.57515e-07
b[i] 1.57515e-07
b[i] 1.57515e-07
b[i] 1.57515e-07
b[i] 1.57515e-07
b[i] 1.57515e-07
b[i] 1.57515e-07
b[i] 1.57515e-07
b[i] 1.57515e-07
b[i] 1.57515e-07
b[i] 1.57515e-07
b[i] 1.57515e-07
b[i] 10.0902
b[i] 10.0902
b[i] 10.0902
b[i] 10.0902
b[i] 10.0902
b[i] 10.0902
b[i] 10.0902
b[i] 10.0902
b[i] 10.0902
b[i] 10.0902
b[i] 10.0902
b[i] 10.0902
b[i] 10.0902
b[i] 10.0902
b[i] 10.0902
b[i] 10.0902
b[i] 10.0902
b[i] 10.0902
b[i] 10.0902
b[i] 10.0902
b[i] 10.0902
b[i] 10.0902
b[i] 10.0902
b[i] 10.0902
b[i] 10.0902
b[i] 10.0902
b[i] 10.0902
b[i] 10.0902
b[i] 10.0902
b[i] 10.0902
b[i] 10.0902
b[i] 10.0902
b[i] 10.0902
b[i] 10.0902
b[i] 10.0902
b[i] 10.0902
b[i] 10.0901
b[i] 10.0901
b[i] 10.0901
b[i] 10.0901
b[i] 10.0901
b[i] 10.0901
b[i] 10.0901
b[i] 10.0901
b[i] 10.0901
b[i] 10.0901
b[i] 10.0901
b[i] 10.0901
b[i] 10.0901
b[i] 10.0901
b[i] 10.0901
b[i] 10.0901
b[i] 10.0901
b[i] 10.0901
b[i] 10.0901
b[i] 10.0901
b[i] 10.0901
b[i] 10.0901
b[i] 10.0901
b[i] 10.0901
b[i] 10.0901
b[i] 10.0901
b[i] 10.0901
b[i] 10.0901
b[i] -6.06836e-07
b[i] -6.06836e-07
b[i] -6.06836e-07
b[i] -6.06836e-07
b[i] -6.06836e-07
b[i] -6.06836e-07
b[i] -6.06836e-07
b[i] -6.06836e-07
b[i] -6.06836e-07
b[i] -6.06836e-07
b[i] -6.06836e-07
b[i] -6.06836e-07
b[i] -6.06836e-07
b[i] -6.06836e-07
b[i] -6.06836e-07
b[i] -6.06836e-07
b[i] -6.06836e-07
b[i] -6.06836e-07
b[i] -6.06836e-07
b[i] -6.06836e-07
b[i] -6.06836e-07
b[i] -6.06836e-07
b[i] -6.06836e-07
b[i] -6.06836e-07
b[i] -6.06836e-07
b[i] -6.06837e-07
b[i] -6.06836e-07
b[i] -6.06837e-07
b[i] -6.06837e-07
b[i] -6.06837e-07
b[i] -6.06837e-07
b[i] -6.06836e-07
b[i] -6.06837e-07
b[i] -6.06836e-07
b[i] -6.06836e-07
b[i] -6.06836e-07
b[i] -6.06836e-07
b[i] -6.06836e-07
b[i] -6.06836e-07
b[i] -6.06836e-07
b[i] -6.06836e-07
b[i] -6.06836e-07
b[i] -6.06836e-07
b[i] -6.06836e-07
b[i] -6.06836e-07
b[i] -6.06836e-07
b[i] -6.06836e-07
b[i] -6.06836e-07
b[i] -6.06836e-07
b[i] -6.06836e-07
b[i] -6.06836e-07
b[i] -6.06836e-07
b[i] -6.06836e-07
b[i] -6.06836e-07
b[i] -6.06836e-07
b[i] -6.06836e-07
b[i] -6.06837e-07
b[i] -6.06837e-07
b[i] -6.06837e-07
b[i] -6.06837e-07
b[i] -6.06837e-07
b[i] -6.06837e-07
b[i] -6.06837e-07
b[i] -6.06837e-07
b[i] -10.0902
b[i] -10.0902
b[i] -10.0902
b[i] -10.0902
b[i] -10.0902
b[i] -10.0902
b[i] -10.0902
b[i] -10.0902
b[i] -10.0902
b[i] -10.0902
b[i] -10.0902
b[i] -10.0902
b[i] -10.0902
b[i] -10.0902
b[i] -10.0902
b[i] -10.0902
b[i] -10.0902
b[i] -10.0902
b[i] -10.0902
b[i] -10.0902
b[i] -10.0902
b[i] -10.0902
b[i] -10.0902
b[i] -10.0902
b[i] -10.0902
b[i] -10.0902
b[i] -10.0902
b[i] -10.0902
b[i] -10.0902
b[i] -10.0902
b[i] -10.0902
b[i] -10.0902
b[i] -10.0902
b[i] -10.0902
b[i] -10.0902
b[i] -10.0902
b[i] -10.0901
b[i] -10.0901
b[i] -10.0901
b[i] -10.0901
b[i] -10.0901
b[i] -10.0901
b[i] -10.0901
b[i] -10.0901
b[i] -10.0901
b[i] -10.0901
b[i] -10.0901
b[i] -10.0901
b[i] -10.0901
b[i] -10.0901
b[i] -10.0901
b[i] -10.0901
b[i] -10.0901
b[i] -10.0901
b[i] -10.0901
b[i] -10.0901
b[i] -10.0901
b[i] -10.0901
b[i] -10.0901
b[i] -10.0901
b[i] -10.0901
b[i] -10.0901
b[i] -10.0901
b[i] -10.0901
b[i] 10.73
b[i] 10.73
b[i] 10.73
b[i] 10.73
b[i] 10.73
b[i] 10.73
b[i] 10.73
b[i] 10.73
b[i] 10.73
b[i] 10.73
b[i] 10.73
b[i] 10.7301
b[i] 10.7301
b[i] 10.7301
b[i] 10.7301
b[i] 10.7301
b[i] 10.7301
b[i] 10.7301
b[i] 10.7301
b[i] 10.7301
b[i] 10.7301
b[i] 10.7301
b[i] 10.7301
b[i] 10.7301
b[i] 10.7301
b[i] 10.7301
b[i] 10.7301
b[i] 10.7301
b[i] 10.73
b[i] 10.73
b[i] 10.73
b[i] 10.73
b[i] 10.73
b[i] 10.73
b[i] 10.73
b[i] 10.73
b[i] 10.73
b[i] 10.73
b[i] 10.73
b[i] 10.73
b[i] 10.73
b[i] 10.73
b[i] 10.7299
b[i] 10.7299
b[i] 10.7299
b[i] 10.7299
b[i] 10.7299
b[i] 10.7299
b[i] 10.7299
b[i] 10.7299
b[i] 10.7299
b[i] 10.7299
b[i] 10.7299
b[i] 10.7299
b[i] 10.7298
b[i] 10.7298
b[i] 10.7298
b[i] 10.7298
b[i] 10.7298
b[i] 10.7298
b[i] 10.7298
b[i] 10.7298
b[i] 10.7298
b[i] 10.7298
b[i] -10.0902
b[i] -10.0902
b[i] -10.0902
b[i] -10.0902
b[i] -10.0902
b[i] -10.0902
b[i] -10.0902
b[i] -10.0902
b[i] -10.0902
b[i] -10.0902
b[i] -10.0902
b[i] -10.0902
b[i] -10.0902
b[i] -10.0902
b[i] -10.0902
b[i] -10.0902
b[i] -10.0902
b[i] -10.0902
b[i] -10.0902
b[i] -10.0902
b[i] -10.0902
b[i] -10.0902
b[i] -10.0902
b[i] -10.0902
b[i] -10.0902
b[i] -10.0902
b[i] -10.0902
b[i] -10.0902
b[i] -10.0902
b[i] -10.0902
b[i] -10.0902
b[i] -10.0902
b[i] -10.0902
b[i] -10.0902
b[i] -10.0902
b[i] -10.0902
b[i] -10.0901
b[i] -10.0901
b[i] -10.0901
b[i] -10.0901
b[i] -10.0901
b[i] -10.0901
b[i] -10.0901
b[i] -10.0901
b[i] -10.0901
b[i] -10.0901
b[i] -10.0901
b[i] -10.0901
b[i] -10.0901
b[i] -10.0901
b[i] -10.0901
b[i] -10.0901
b[i] -10.0901
b[i] -10.0901
b[i] -10.0901
b[i] -10.0901
b[i] -10.0901
b[i] -10.0901
b[i] -10.0901
b[i] -10.0901
b[i] -10.0901
b[i] -10.0901
b[i] -10.0901
b[i] -10.0901
b[i] 6.06836e-07
b[i] 6.06836e-07
b[i] 6.06836e-07
b[i] 6.06836e-07
b[i] 6.06836e-07
b[i] 6.06836e-07
b[i] 6.06836e-07
b[i] 6.06836e-07
b[i] 6.06836e-07
b[i] 6.06836e-07
b[i] 6.06836e-07
b[i] 6.06836e-07
b[i] 6.06836e-07
b[i] 6.06836e-07
b[i] 6.06836e-07
b[i] 6.06836e-07
b[i] 6.06836e-07
b[i] 6.06836e-07
b[i] 6.06836e-07
b[i] 6.06836e-07
b[i] 6.06836e-07
b[i] 6.06836e-07
b[i] 6.06836e-07
b[i] 6.06836e-07
b[i] 6.06836e-07
b[i] 6.06837e-07
b[i] 6.06836e-07
b[i] 6.06837e-07
b[i] 6.06837e-07
b[i] 6.06837e-07
b[i] 6.06837e-07
b[i] 6.06836e-07
b[i] 6.06837e-07
b[i] 6.06836e-07
b[i] 6.06836e-07
b[i] 6.06836e-07
b[i] 6.06836e-07
b[i] 6.06836e-07
b[i] 6.06836e-07
b[i] 6.06836e-07
b[i] 6.06836e-07
b[i] 6.06836e-07
b[i] 6.06836e-07
b[i] 6.06836e-07
b[i] 6.06836e-07
b[i] 6.06836e-07
b[i] 6.06836e-07
b[i] 6.06836e-07
b[i] 6.06836e-07
b[i] 6.06836e-07
b[i] 6.06836e-07
b[i] 6.06836e-07
b[i] 6.06836e-07
b[i] 6.06836e-07
b[i] 6.06836e-07
b[i] 6.06836e-07
b[i] 6.06837e-07
b[i] 6.06837e-07
b[i] 6.06837e-07
b[i] 6.06837e-07
b[i] 6.06837e-07
b[i] 6.06837e-07
b[i] 6.06837e-07
b[i] 6.06837e-07
b[i] 0
b[i] 0
b[i] -1.02141e-14
b[i] 0
b[i] 9.76996e-15
b[i] 1.02141e-14
b[i] 1.02141e-14
b[i] 0
b[i] 0
b[i] 0
b[i] 9.76996e-15
b[i] 0
b[i] 0
b[i] 0
b[i] -1.02141e-14
b[i] 0
b[i] 9.76996e-15
b[i] 9.76996e-15
b[i] 1.9984e-14
b[i] 3.01981e-14
b[i] 1.9984e-14
b[i] 1.9984e-14
b[i] 9.76996e-15
b[i] 0
b[i] 1.02141e-14
b[i] 0
b[i] 0
b[i] 0
b[i] 0
b[i] -1.02141e-14
b[i] -1.02141e-14
b[i] -1.9984e-14
b[i] -2.9754e-14
b[i] -3.9968e-14
b[i] -4.9738e-14
b[i] -5.01821e-14
b[i] -2.9754e-14
b[i] -9.76996e-15
b[i] 0
b[i] 0
b[i] 0
b[i] 9.76996e-15
b[i] 0
b[i] 1.02141e-14
b[i] 1.02141e-14
b[i] 1.02141e-14
b[i] 9.76996e-15
b[i] 1.9984e-14
b[i] 2.9754e-14
b[i] 3.01981e-14
b[i] 3.9968e-14
b[i] 3.9968e-14
b[i] 3.9968e-14
b[i] 5.01821e-14
b[i] 3.9968e-14
b[i] 3.9968e-14
b[i] 3.9968e-14
b[i] 3.9968e-14
b[i] 3.01981e-14
b[i] 3.01981e-14
b[i] 3.01981e-14
b[i] 2.9754e-14
b[i] 2.9754e-14
b[i] 3.9968e-14
b[i] -5.36491
b[i] -5.36491
b[i] -5.36491
b[i] -5.36491
b[i] -5.36491
b[i] -5.36491
b[i] -5.36491
b[i] -5.36492
b[i] -5.36492
b[i] -5.36492
b[i] -5.36493
b[i] -5.36493
b[i] -5.36493
b[i] -5.36494
b[i] -5.36494
b[i] -5.36495
b[i] -5.36495
b[i] -5.36496
b[i] -5.36496
b[i] -5.36497
b[i] -5.36497
b[i] -5.36497
b[i] -5.36498
b[i] -5.36498
b[i] -5.36499
b[i] -5.36499
b[i] -5.365
b[i] -5.365
b[i] -5.365
b[i] -5.36501
b[i] -5.36501
b[i] -5.36501
b[i] -5.36502
b[i] -5.36502
b[i] -5.36502
b[i] -5.36502
b[i] -5.36503
b[i] -5.36503
b[i] -5.36503
b[i] -5.36503
b[i] -5.36503
b[i] -5.36503
b[i] -5.36503
b[i] -5.36503
b[i] -5.36503
b[i] -5.36503
b[i] -5.36503
b[i] -5.36503
b[i] -5.36503
b[i] -5.36503
b[i] -5.36503
b[i] -5.36503
b[i] -5.36503
b[i] -5.36502
b[i] -5.36502
b[i] -5.36502
b[i] -5.36502
b[i] -5.36502
b[i] -5.36502
b[i] -5.36501
b[i] -5.36501
b[i] -5.36501
b[i] -5.36501
b[i] -5.36501
b[i] 0
b[i] 0
b[i] 0
b[i] 0
b[i] -9.9476e-14
b[i] 0
b[i] 0
b[i] 0
b[i] 0
b[i] 0
b[i] 0
b[i] 0
b[i] -9.9476e-14
b[i] -9.9476e-14
b[i] 0
b[i] 0
b[i] 0
b[i] 0
b[i] 1.01252e-13
b[i] 0
b[i] 1.01252e-13
b[i] 0
b[i] 0
b[i] 0
b[i] 0
b[i] 0
b[i] 0
b[i] 0
b[i] 0
b[i] 0
b[i] 0
b[i] -1.01252e-13
b[i] -9.9476e-14
b[i] -1.98952e-13
b[i] -1.98952e-13
b[i] -1.98952e-13
b[i] -9.9476e-14
b[i] -1.01252e-13
b[i] 0
b[i] 0
b[i] 0
b[i] 0
b[i] 0
b[i] 0
b[i] 0
b[i] -1.01252e-13
b[i] 0
b[i] 0
b[i] 0
b[i] 9.9476e-14
b[i] 9.9476e-14
b[i] 9.9476e-14
b[i] 1.98952e-13
b[i] 9.9476e-14
b[i] 1.01252e-13
b[i] 1.98952e-13
b[i] 1.01252e-13
b[i] 9.9476e-14
b[i] 9.9476e-14
b[i] 9.9476e-14
b[i] 9.9476e-14
b[i] 1.01252e-13
b[i] 9.9476e-14
b[i] 2.00728e-13
b[i] 1.98952e-13
b[i] 9.9476e-14
b[i] 9.9476e-14
b[i] 1.98952e-13
b[i] 9.9476e-14
b[i] 1.98952e-13
b[i] 9.9476e-14
b[i] 1.98952e-13
b[i] 3.01981e-13
b[i] 1.98952e-13
b[i] 1.98952e-13
b[i] 1.98952e-13
b[i] 9.9476e-14
b[i] 0
b[i] 0
b[i] 0
b[i] 0
b[i] -9.9476e-14
b[i] -9.9476e-14
b[i] -1.98952e-13
b[i] -1.98952e-13
b[i] -9.9476e-14
b[i] -1.03029e-13
b[i] -1.98952e-13
b[i] -2.02505e-13
b[i] -9.9476e-14
b[i] -9.9476e-14
b[i] 0
b[i] -1.03029e-13
b[i] 0
b[i] 0
b[i] 0
b[i] 0
b[i] 0
b[i] 0
b[i] 0
b[i] 0
b[i] 0
b[i] 0
b[i] 9.9476e-14
b[i] 1.98952e-13
b[i] 2.02505e-13
b[i] 1.98952e-13
b[i] 9.9476e-14
b[i] 9.9476e-14
b[i] 9.9476e-14
b[i] 9.9476e-14
b[i] 0
b[i] 0
b[i] -9.9476e-14
b[i] 0
b[i] -9.9476e-14
b[i] -1.98952e-13
b[i] -1.98952e-13
b[i] -1.98952e-13
b[i] -2.02505e-13
b[i] -2.98428e-13
b[i] -1.98952e-13
b[i] -9.9476e-14
b[i] -1.98952e-13
b[i] -2.02505e-13
b[i] -1.03029e-13
b[i] -1.98952e-13
b[i] -9.9476e-14
b[i] 0
b[i] 9.76996e-15
b[i] 1.02141e-14
b[i] 1.02141e-14
b[i] 9.76996e-15
b[i] 0
b[i] 0
b[i] 0
b[i] 0
b[i] 0
b[i] 0
b[i] 9.76996e-15
b[i] 9.76996e-15
b[i] 1.9984e-14
b[i] 1.02141e-14
b[i] 0
b[i] -9.76996e-15
b[i] -9.76996e-15
b[i] -9.76996e-15
b[i] -9.76996e-15
b[i] -1.9984e-14
b[i] 0
b[i] 0
b[i] 0
b[i] 0
b[i] 0
b[i] 0
b[i] 0
b[i] 1.02141e-14
b[i] 1.02141e-14
b[i] 1.9984e-14
b[i] 3.01981e-14
b[i] 3.9968e-14
b[i] 5.01821e-14
b[i] 4.9738e-14
b[i] 5.01821e-14
b[i] 3.9968e-14
b[i] 1.9984e-14
b[i] 1.02141e-14
b[i] 9.76996e-15
b[i] 0
b[i] 9.76996e-15
b[i] 0
b[i] 0
b[i] 0
b[i] 0
b[i] 0
b[i] -1.9984e-14
b[i] -1.9984e-14
b[i] -3.01981e-14
b[i] -3.9968e-14
b[i] -2.9754e-14
b[i] -3.01981e-14
b[i] -3.9968e-14
b[i] -3.9968e-14
b[i] -3.9968e-14
b[i] -3.01981e-14
b[i] -2.9754e-14
b[i] -3.01981e-14
b[i] -1.9984e-14
b[i] -1.9984e-14
b[i] -2.9754e-14
b[i] -2.9754e-14
b[i] -3.01981e-14
b[i] 10.7298
b[i] 10.7298
b[i] 10.7298
b[i] 10.7298
b[i] 10.7298
b[i] 10.7298
b[i] 10.7298
b[i] 10.7298
b[i] 10.7298
b[i] 10.7298
b[i] 10.7299
b[i] 10.7299
b[i] 10.7299
b[i] 10.7299
b[i] 10.7299
b[i] 10.7299
b[i] 10.7299
b[i] 10.7299
b[i] 10.7299
b[i] 10.7299
b[i] 10.7299
b[i] 10.7299
b[i] 10.73
b[i] 10.73
b[i] 10.73
b[i] 10.73
b[i] 10.73
b[i] 10.73
b[i] 10.73
b[i] 10.73
b[i] 10.73
b[i] 10.73
b[i] 10.73
b[i] 10.73
b[i] 10.73
b[i] 10.73
b[i] 10.7301
b[i] 10.7301
b[i] 10.7301
b[i] 10.7301
b[i] 10.7301
b[i] 10.7301
b[i] 10.7301
b[i] 10.7301
b[i] 10.7301
b[i] 10.7301
b[i] 10.7301
b[i] 10.7301
b[i] 10.7301
b[i] 10.7301
b[i] 10.7301
b[i] 10.7301
b[i] 10.7301
b[i] 10.73
b[i] 10.73
b[i] 10.73
b[i] 10.73
b[i] 10.73
b[i] 10.73
b[i] 10.73
b[i] 10.73
b[i] 10.73
b[i] 10.73
b[i] 10.73
b[i] 0
b[i] 0
b[i] 0
b[i] 0
b[i] 9.9476e-14
b[i] 0
b[i] 0
b[i] 0
b[i] 0
b[i] 0
b[i] 0
b[i] 0
b[i] 0
b[i] 9.9476e-14
b[i] 0
b[i] 0
b[i] 0
b[i] 0
b[i] -1.01252e-13
b[i] 0
b[i] -1.01252e-13
b[i] 0
b[i] 0
b[i] 0
b[i] 0
b[i] 0
b[i] 0
b[i] 0
b[i] 0
b[i] 0
b[i] 0
b[i] 1.01252e-13
b[i] 9.9476e-14
b[i] 1.98952e-13
b[i] 1.98952e-13
b[i] 1.98952e-13
b[i] 9.9476e-14
b[i] 1.01252e-13
b[i] 0
b[i] 0
b[i] 0
b[i] 0
b[i] 0
b[i] 0
b[i] 0
b[i] 1.01252e-13
b[i] 0
b[i] 0
b[i] 0
b[i] -9.9476e-14
b[i] -9.9476e-14
b[i] -9.9476e-14
b[i] -1.98952e-13
b[i] -9.9476e-14
b[i] -1.01252e-13
b[i] -1.98952e-13
b[i] -1.01252e-13
b[i] -9.9476e-14
b[i] -9.9476e-14
b[i] -9.9476e-14
b[i] -9.9476e-14
b[i] -1.01252e-13
b[i] -9.9476e-14
b[i] -2.00728e-13
b[i] 0
b[i] 0
b[i] 1.02141e-14
b[i] 0
b[i] 0
b[i] -1.02141e-14
b[i] 0
b[i] 0
b[i] 0
b[i] 0
b[i] -9.76996e-15
b[i] 0
b[i] 0
b[i] 1.02141e-14
b[i] 1.02141e-14
b[i] 0
b[i] -9.76996e-15
b[i] -9.76996e-15
b[i] -1.9984e-14
b[i] -1.9984e-14
b[i] -1.9984e-14
b[i] -9.76996e-15
b[i] 0
b[i] 0
b[i] 0
b[i] 0
b[i] 0
b[i] 0
b[i] 1.02141e-14
b[i] 1.02141e-14
b[i] 1.9984e-14
b[i] 1.9984e-14
b[i] 3.9968e-14
b[i] 3.9968e-14
b[i] 4.9738e-14
b[i] 5.01821e-14
b[i] 2.9754e-14
b[i] 9.76996e-15
b[i] 0
b[i] 0
b[i] 0
b[i] 0
b[i] 0
b[i] -1.02141e-14
b[i] -1.02141e-14
b[i] -1.02141e-14
b[i] -9.76996e-15
b[i] -1.9984e-14
b[i] -2.9754e-14
b[i] -3.01981e-14
b[i] -3.9968e-14
b[i] -3.9968e-14
b[i] -3.9968e-14
b[i] -5.01821e-14
b[i] -3.9968e-14
b[i] -3.9968e-14
b[i] -3.01981e-14
b[i] -3.9968e-14
b[i] -3.01981e-14
b[i] -3.01981e-14
b[i] -3.01981e-14
b[i] -2.9754e-14
b[i] -2.9754e-14
b[i] -3.9968e-14
b[i] 5.36491
b[i] 5.36491
b[i] 5.36491
b[i] 5.36491
b[i] 5.36491
b[i] 5.36491
b[i] 5.36491
b[i] 5.36492
b[i] 5.36492
b[i] 5.36492
b[i] 5.36493
b[i] 5.36493
b[i] 5.36493
b[i] 5.36494
b[i] 5.36494
b[i] 5.36495
b[i] 5.36495
b[i] 5.36496
b[i] 5.36496
b[i] 5.36497
b[i] 5.36497
b[i] 5.36497
b[i] 5.36498
b[i] 5.36498
b[i] 5.36499
b[i] 5.36499
b[i] 5.365
b[i] 5.365
b[i] 5.365
b[i] 5.36501
b[i] 5.36501
b[i] 5.36501
b[i] 5.36502
b[i] 5.36502
b[i] 5.36502
b[i] 5.36502
b[i] 5.36503
b[i] 5.36503
b[i] 5.36503
b[i] 5.36503
b[i] 5.36503
b[i] 5.36503
b[i] 5.36503
b[i] 5.36503
b[i] 5.36503
b[i] 5.36503
b[i] 5.36503
b[i] 5.36503
b[i] 5.36503
b[i] 5.36503
b[i] 5.36503
b[i] 5.36503
b[i] 5.36503
b[i] 5.36502
b[i] 5.36502
b[i] 5.36502
b[i] 5.36502
b[i] 5.36502
b[i] 5.36502
b[i] 5.36501
b[i] 5.36501
b[i] 5.36501
b[i] 5.36501
b[i] 5.36501
b[i] 5.36501
b[i] 5.36501
b[i] 5.36501
b[i] 5.36501
b[i] 5.36501
b[i] 5.36502
b[i] 5.36502
b[i] 5.36502
b[i] 5.36502
b[i] 5.36502
b[i] 5.36502
b[i] 5.36503
b[i] 5.36503
b[i] 5.36503
b[i] 5.36503
b[i] 5.36503
b[i] 5.36503
b[i] 5.36503
b[i] 5.36503
b[i] 5.36503
b[i] 5.36503
b[i] 5.36503
b[i] 5.36503
b[i] 5.36503
b[i] 5.36503
b[i] 5.36503
b[i] 5.36503
b[i] 5.36503
b[i] 5.36502
b[i] 5.36502
b[i] 5.36502
b[i] 5.36502
b[i] 5.36501
b[i] 5.36501
b[i] 5.36501
b[i] 5.365
b[i] 5.365
b[i] 5.365
b[i] 5.36499
b[i] 5.36499
b[i] 5.36498
b[i] 5.36498
b[i] 5.36497
b[i] 5.36497
b[i] 5.36497
b[i] 5.36496
b[i] 5.36496
b[i] 5.36495
b[i] 5.36495
b[i] 5.36494
b[i] 5.36494
b[i] 5.36493
b[i] 5.36493
b[i] 5.36493
b[i] 5.36492
b[i] 5.36492
b[i] 5.36492
b[i] 5.36491
b[i] 5.36491
b[i] 5.36491
b[i] 5.36491
b[i] 5.36491
b[i] 5.36491
b[i] 5.36491
b[i] 0
b[i] 0
b[i] 0
b[i] 0
b[i] 9.9476e-14
b[i] 0
b[i] 0
b[i] 0
b[i] 0
b[i] 0
b[i] 0
b[i] 0
b[i] 0
b[i] 9.9476e-14
b[i] 0
b[i] 0
b[i] 0
b[i] 0
b[i] -1.01252e-13
b[i] 0
b[i] -1.01252e-13
b[i] 0
b[i] 0
b[i] 0
b[i] 0
b[i] 0
b[i] 0
b[i] 0
b[i] 0
b[i] 0
b[i] 0
b[i] 1.01252e-13
b[i] 9.9476e-14
b[i] 9.9476e-14
b[i] 1.98952e-13
b[i] 1.98952e-13
b[i] 9.9476e-14
b[i] 1.01252e-13
b[i] 0
b[i] 0
b[i] 0
b[i] 0
b[i] 0
b[i] 0
b[i] 0
b[i] 1.01252e-13
b[i] 0
b[i] 0
b[i] -9.9476e-14
b[i] -9.9476e-14
b[i] -2.00728e-13
b[i] -9.9476e-14
b[i] -1.98952e-13
b[i] -9.9476e-14
b[i] -1.01252e-13
b[i] -1.98952e-13
b[i] -1.01252e-13
b[i] -9.9476e-14
b[i] -9.9476e-14
b[i] -9.9476e-14
b[i] -9.9476e-14
b[i] -1.01252e-13
b[i] -9.9476e-14
b[i] -2.00728e-13
b[i] 1.02141e-14
b[i] 0
b[i] 0
b[i] -9.76996e-15
b[i] 0
b[i] 0
b[i] 0
b[i] 0
b[i] 1.02141e-14
b[i] 0
b[i] 0
b[i] 0
b[i] 0
b[i] -1.02141e-14
b[i] 0
b[i] 0
b[i] 0
b[i] 1.9984e-14
b[i] 1.9984e-14
b[i] 1.9984e-14
b[i] 9.76996e-15
b[i] 9.76996e-15
b[i] 1.02141e-14
b[i] 0
b[i] 0
b[i] 9.76996e-15
b[i] 0
b[i] 0
b[i] -1.02141e-14
b[i] -1.02141e-14
b[i] -9.76996e-15
b[i] -1.9984e-14
b[i] -3.01981e-14
b[i] -3.9968e-14
b[i] -5.01821e-14
b[i] -5.01821e-14
b[i] -2.9754e-14
b[i] -1.9984e-14
b[i] 0
b[i] 0
b[i] 0
b[i] 0
b[i] 0
b[i] 0
b[i] 0
b[i] 0
b[i] 9.76996e-15
b[i] 1.9984e-14
b[i] 2.9754e-14
b[i] 2.9754e-14
b[i] 2.9754e-14
b[i] 3.9968e-14
b[i] 3.9968e-14
b[i] 3.9968e-14
b[i] 3.9968e-14
b[i] 3.01981e-14
b[i] 3.01981e-14
b[i] 3.01981e-14
b[i] 2.9754e-14
b[i] 1.9984e-14
b[i] 3.01981e-14
b[i] 1.9984e-14
b[i] 1.9984e-14
b[i] 2.9754e-14
b[i] -5.36491
b[i] -5.36491
b[i] -5.36491
b[i] -5.36491
b[i] -5.36491
b[i] -5.36491
b[i] -5.36491
b[i] -5.36492
b[i] -5.36492
b[i] -5.36492
b[i] -5.36493
b[i] -5.36493
b[i] -5.36493
b[i] -5.36494
b[i] -5.36494
b[i] -5.36495
b[i] -5.36495
b[i] -5.36496
b[i] -5.36496
b[i] -5.36497
b[i] -5.36497
b[i] -5.36497
b[i] -5.36498
b[i] -5.36498
b[i] -5.36499
b[i] -5.36499
b[i] -5.365
b[i] -5.365
b[i] -5.365
b[i] -5.36501
b[i] -5.36501
b[i] -5.36501
b[i] -5.36502
b[i] -5.36502
b[i] -5.36502
b[i] -5.36502
b[i] -5.36503
b[i] -5.36503
b[i] -5.36503
b[i] -5.36503
b[i] -5.36503
b[i] -5.36503
b[i] -5.36503
b[i] -5.36503
b[i] -5.36503
b[i] -5.36503
b[i] -5.36503
b[i] -5.36503
b[i] -5.36503
b[i] -5.36503
b[i] -5.36503
b[i] -5.36503
b[i] -5.36503
b[i] -5.36502
b[i] -5.36502
b[i] -5.36502
b[i] -5.36502
b[i] -5.36502
b[i] -5.36502
b[i] -5.36501
b[i] -5.36501
b[i] -5.36501
b[i] -5.36501
b[i] -5.36501
b[i] -5.36501
b[i] -5.36501
b[i] -5.36501
b[i] -5.36501
b[i] -5.36501
b[i] -5.36502
b[i] -5.36502
b[i] -5.36502
b[i] -5.36502
b[i] -5.36502
b[i] -5.36502
b[i] -5.36503
b[i] -5.36503
b[i] -5.36503
b[i] -5.36503
b[i] -5.36503
b[i] -5.36503
b[i] -5.36503
b[i] -5.36503
b[i] -5.36503
b[i] -5.36503
b[i] -5.36503
b[i] -5.36503
b[i] -5.36503
b[i] -5.36503
b[i] -5.36503
b[i] -5.36503
b[i] -5.36503
b[i] -5.36502
b[i] -5.36502
b[i] -5.36502
b[i] -5.36502
b[i] -5.36501
b[i] -5.36501
b[i] -5.36501
b[i] -5.365
b[i] -5.365
b[i] -5.365
b[i] -5.36499
b[i] -5.36499
b[i] -5.36498
b[i] -5.36498
b[i] -5.36497
b[i] -5.36497
b[i] -5.36497
b[i] -5.36496
b[i] -5.36496
b[i] -5.36495
b[i] -5.36495
b[i] -5.36494
b[i] -5.36494
b[i] -5.36493
b[i] -5.36493
b[i] -5.36493
b[i] -5.36492
b[i] -5.36492
b[i] -5.36492
b[i] -5.36491
b[i] -5.36491
b[i] -5.36491
b[i] -5.36491
b[i] -5.36491
b[i] -5.36491
b[i] -5.36491
b[i] 0
b[i] 0
b[i] 0
b[i] 0
b[i] -9.9476e-14
b[i] 0
b[i] 0
b[i] 0
b[i] 0
b[i] 0
b[i] 0
b[i] 0
b[i] -9.9476e-14
b[i] -9.9476e-14
b[i] 0
b[i] 0
b[i] 0
b[i] 0
b[i] 1.01252e-13
b[i] 0
b[i] 1.01252e-13
b[i] 0
b[i] 0
b[i] 0
b[i] 0
b[i] 0
b[i] 0
b[i] 0
b[i] 0
b[i] 0
b[i] 0
b[i] -1.01252e-13
b[i] -9.9476e-14
b[i] -1.98952e-13
b[i] -1.98952e-13
b[i] -1.98952e-13
b[i] -9.9476e-14
b[i] -1.01252e-13
b[i] 0
b[i] 0
b[i] 0
b[i] 0
b[i] 0
b[i] 0
b[i] 0
b[i] -1.01252e-13
b[i] 0
b[i] 0
b[i] 0
b[i] 9.9476e-14
b[i] 9.9476e-14
b[i] 9.9476e-14
b[i] 1.98952e-13
b[i] 9.9476e-14
b[i] 1.01252e-13
b[i] 1.98952e-13
b[i] 1.01252e-13
b[i] 9.9476e-14
b[i] 9.9476e-14
b[i] 9.9476e-14
b[i] 9.9476e-14
b[i] 1.01252e-13
b[i] 9.9476e-14
b[i] 2.00728e-13
b[i] 0
b[i] 0
b[i] 1.02141e-14
b[i] 1.9984e-14
b[i] 9.76996e-15
b[i] 1.02141e-14
b[i] 0
b[i] 0
b[i] 0
b[i] 0
b[i] 0
b[i] 9.76996e-15
b[i] 9.76996e-15
b[i] 1.02141e-14
b[i] 1.02141e-14
b[i] 9.76996e-15
b[i] 0
b[i] -9.76996e-15
b[i] -9.76996e-15
b[i] -9.76996e-15
b[i] -9.76996e-15
b[i] 0
b[i] 0
b[i] 0
b[i] 0
b[i] 0
b[i] 0
b[i] 0
b[i] 1.02141e-14
b[i] 1.02141e-14
b[i] 1.9984e-14
b[i] 3.01981e-14
b[i] 3.9968e-14
b[i] 5.01821e-14
b[i] 5.9952e-14
b[i] 5.01821e-14
b[i] 3.9968e-14
b[i] 1.9984e-14
b[i] 1.02141e-14
b[i] 0
b[i] 1.02141e-14
b[i] 0
b[i] 1.02141e-14
b[i] 1.02141e-14
b[i] 1.02141e-14
b[i] 0
b[i] 0
b[i] -1.9984e-14
b[i] -1.9984e-14
b[i] -1.9984e-14
b[i] -2.9754e-14
b[i] -3.9968e-14
b[i] -3.9968e-14
b[i] -3.9968e-14
b[i] -3.01981e-14
b[i] -3.9968e-14
b[i] -3.01981e-14
b[i] -1.9984e-14
b[i] -1.9984e-14
b[i] -1.9984e-14
b[i] -1.9984e-14
b[i] -1.9984e-14
b[i] -1.9984e-14
b[i] -1.9984e-14
b[i] 5.36491
b[i] 5.36491
b[i] 5.36491
b[i] 5.36491
b[i] 5.36491
b[i] 5.36491
b[i] 5.36491
b[i] 5.36492
b[i] 5.36492
b[i] 5.36492
b[i] 5.36493
b[i] 5.36493
b[i] 5.36493
b[i] 5.36494
b[i] 5.36494
b[i] 5.36495
b[i] 5.36495
b[i] 5.36496
b[i] 5.36496
b[i] 5.36497
b[i] 5.36497
b[i] 5.36497
b[i] 5.36498
b[i] 5.36498
b[i] 5.36499
b[i] 5.36499
b[i] 5.365
b[i] 5.365
b[i] 5.365
b[i] 5.36501
b[i] 5.36501
b[i] 5.36501
b[i] 5.36502
b[i] 5.36502
b[i] 5.36502
b[i] 5.36502
b[i] 5.36503
b[i] 5.36503
b[i] 5.36503
b[i] 5.36503
b[i] 5.36503
b[i] 5.36503
b[i] 5.36503
b[i] 5.36503
b[i] 5.36503
b[i] 5.36503
b[i] 5.36503
b[i] 5.36503
b[i] 5.36503
b[i] 5.36503
b[i] 5.36503
b[i] 5.36503
b[i] 5.36503
b[i] 5.36502
b[i] 5.36502
b[i] 5.36502
b[i] 5.36502
b[i] 5.36502
b[i] 5.36502
b[i] 5.36501
b[i] 5.36501
b[i] 5.36501
b[i] 5.36501
b[i] 5.36501
b[i] 5.36501
b[i] 5.36501
b[i] 5.36501
b[i] 5.36501
b[i] 5.36501
b[i] 5.36502
b[i] 5.36502
b[i] 5.36502
b[i] 5.36502
b[i] 5.36502
b[i] 5.36502
b[i] 5.36503
b[i] 5.36503
b[i] 5.36503
b[i] 5.36503
b[i] 5.36503
b[i] 5.36503
b[i] 5.36503
b[i] 5.36503
b[i] 5.36503
b[i] 5.36503
b[i] 5.36503
b[i] 5.36503
b[i] 5.36503
b[i] 5.36503
b[i] 5.36503
b[i] 5.36503
b[i] 5.36503
b[i] 5.36502
b[i] 5.36502
b[i] 5.36502
b[i] 5.36502
b[i] 5.36501
b[i] 5.36501
b[i] 5.36501
b[i] 5.365
b[i] 5.365
b[i] 5.365
b[i] 5.36499
b[i] 5.36499
b[i] 5.36498
b[i] 5.36498
b[i] 5.36497
b[i] 5.36497
b[i] 5.36497
b[i] 5.36496
b[i] 5.36496
b[i] 5.36495
b[i] 5.36495
b[i] 5.36494
b[i] 5.36494
b[i] 5.36493
b[i] 5.36493
b[i] 5.36493
b[i] 5.36492
b[i] 5.36492
b[i] 5.36492
b[i] 5.36491
b[i] 5.36491
b[i] 5.36491
b[i] 5.36491
b[i] 5.36491
b[i] 5.36491
b[i] 5.36491
b[i] 0
b[i] 0
b[i] 0
b[i] 0
b[i] 0
b[i] 0
b[i] 0
b[i] 0
b[i] 0
b[i] 0
b[i] 0
b[i] 0
b[i] 9.9476e-14
b[i] 0
b[i] 0
b[i] 0
b[i] 0
b[i] 0
b[i] -1.01252e-13
b[i] 0
b[i] -1.01252e-13
b[i] 0
b[i] 0
b[i] 0
b[i] 0
b[i] 0
b[i] 0
b[i] 0
b[i] 0
b[i] 0
b[i] 0
b[i] 1.01252e-13
b[i] 9.9476e-14
b[i] 1.98952e-13
b[i] 1.98952e-13
b[i] 1.98952e-13
b[i] 9.9476e-14
b[i] 1.01252e-13
b[i] 0
b[i] 0
b[i] 0
b[i] 0
b[i] 0
b[i] 0
b[i] 0
b[i] 1.01252e-13
b[i] 0
b[i] 0
b[i] 0
b[i] -9.9476e-14
b[i] -9.9476e-14
b[i] -9.9476e-14
b[i] -1.98952e-13
b[i] -9.9476e-14
b[i] -1.01252e-13
b[i] -1.98952e-13
b[i] -1.01252e-13
b[i] -9.9476e-14
b[i] -9.9476e-14
b[i] -9.9476e-14
b[i] -9.9476e-14
b[i] -1.01252e-13
b[i] -9.9476e-14
b[i] -2.00728e-13
b[i] -1.98952e-13
b[i] -9.9476e-14
b[i] -9.9476e-14
b[i] -1.98952e-13
b[i] -9.9476e-14
b[i] -1.98952e-13
b[i] -9.9476e-14
b[i] -1.98952e-13
b[i] -3.01981e-13
b[i] -1.98952e-13
b[i] -1.98952e-13
b[i] -1.98952e-13
b[i] -9.9476e-14
b[i] 0
b[i] 0
b[i] 0
b[i] 0
b[i] 9.9476e-14
b[i] 9.9476e-14
b[i] 1.98952e-13
b[i] 1.98952e-13
b[i] 9.9476e-14
b[i] 1.03029e-13
b[i] 1.98952e-13
b[i] 2.02505e-13
b[i] 9.9476e-14
b[i] 9.9476e-14
b[i] 0
b[i] 1.03029e-13
b[i] 0
b[i] 0
b[i] 0
b[i] 0
b[i] 0
b[i] 0
b[i] 0
b[i] 0
b[i] 0
b[i] -9.9476e-14
b[i] -9.9476e-14
b[i] -1.98952e-13
b[i] -2.02505e-13
b[i] -1.98952e-13
b[i] -9.9476e-14
b[i] -9.9476e-14
b[i] -9.9476e-14
b[i] -9.9476e-14
b[i] 0
b[i] 0
b[i] 9.9476e-14
b[i] 0
b[i] 9.9476e-14
b[i] 1.98952e-13
b[i] 1.98952e-13
b[i] 1.98952e-13
b[i] 2.02505e-13
b[i] 2.98428e-13
b[i] 1.98952e-13
b[i] 9.9476e-14
b[i] 1.98952e-13
b[i] 2.02505e-13
b[i] 1.03029e-13
b[i] 1.98952e-13
b[i] 9.9476e-14
b[i] 0
b[i] 0
b[i] -1.02141e-14
b[i] 0
b[i] 9.76996e-15
b[i] 1.02141e-14
b[i] 1.02141e-14
b[i] 1.02141e-14
b[i] 0
b[i] 0
b[i] 9.76996e-15
b[i] 0
b[i] 0
b[i] 0
b[i] -1.02141e-14
b[i] 0
b[i] 9.76996e-15
b[i] 9.76996e-15
b[i] 3.01981e-14
b[i] 3.01981e-14
b[i] 1.9984e-14
b[i] 1.9984e-14
b[i] 9.76996e-15
b[i] 9.76996e-15
b[i] 1.02141e-14
b[i] 0
b[i] 0
b[i] 0
b[i] 0
b[i] -1.02141e-14
b[i] -1.02141e-14
b[i] -9.76996e-15
b[i] -2.9754e-14
b[i] -3.9968e-14
b[i] -4.9738e-14
b[i] -3.9968e-14
b[i] -1.9984e-14
b[i] -9.76996e-15
b[i] 0
b[i] 0
b[i] 0
b[i] 9.76996e-15
b[i] 0
b[i] 1.02141e-14
b[i] 1.02141e-14
b[i] 1.02141e-14
b[i] 1.9984e-14
b[i] 1.9984e-14
b[i] 3.9968e-14
b[i] 3.01981e-14
b[i] 3.9968e-14
b[i] 3.9968e-14
b[i] 3.9968e-14
b[i] 5.01821e-14
b[i] 3.9968e-14
b[i] 3.9968e-14
b[i] 3.9968e-14
b[i] 3.9968e-14
b[i] 3.01981e-14
b[i] 3.01981e-14
b[i] 3.01981e-14
b[i] 2.9754e-14
b[i] 2.9754e-14
b[i] 3.9968e-14
b[i] -5.36501
b[i] -5.36501
b[i] -5.36501
b[i] -5.36501
b[i] -5.36501
b[i] -5.36502
b[i] -5.36502
b[i] -5.36502
b[i] -5.36502
b[i] -5.36502
b[i] -5.36502
b[i] -5.36503
b[i] -5.36503
b[i] -5.36503
b[i] -5.36503
b[i] -5.36503
b[i] -5.36503
b[i] -5.36503
b[i] -5.36503
b[i] -5.36503
b[i] -5.36503
b[i] -5.36503
b[i] -5.36503
b[i] -5.36503
b[i] -5.36503
b[i] -5.36503
b[i] -5.36503
b[i] -5.36503
b[i] -5.36502
b[i] -5.36502
b[i] -5.36502
b[i] -5.36502
b[i] -5.36501
b[i] -5.36501
b[i] -5.36501
b[i] -5.365
b[i] -5.365
b[i] -5.365
b[i] -5.36499
b[i] -5.36499
b[i] -5.36498
b[i] -5.36498
b[i] -5.36497
b[i] -5.36497
b[i] -5.36497
b[i] -5.36496
b[i] -5.36496
b[i] -5.36495
b[i] -5.36495
b[i] -5.36494
b[i] -5.36494
b[i] -5.36493
b[i] -5.36493
b[i] -5.36493
b[i] -5.36492
b[i] -5.36492
b[i] -5.36492
b[i] -5.36491
b[i] -5.36491
b[i] -5.36491
b[i] -5.36491
b[i] -5.36491
b[i] -5.36491
b[i] -5.36491
b[i] 0
b[i] 0
b[i] 1.02141e-14
b[i] 0
b[i] 0
b[i] 0
b[i] 0
b[i] 0
b[i] 0
b[i] 0
b[i] -9.76996e-15
b[i] 0
b[i] 0
b[i] 1.02141e-14
b[i] 1.02141e-14
b[i] 9.76996e-15
b[i] -9.76996e-15
b[i] -9.76996e-15
b[i] -1.9984e-14
b[i] -1.9984e-14
b[i] -9.76996e-15
b[i] -9.76996e-15
b[i] 0
b[i] 0
b[i] 0
b[i] 0
b[i] 0
b[i] 0
b[i] 1.02141e-14
b[i] 1.02141e-14
b[i] 1.9984e-14
b[i] 1.9984e-14
b[i] 3.9968e-14
b[i] 3.9968e-14
b[i] 5.9952e-14
b[i] 5.01821e-14
b[i] 2.9754e-14
b[i] 9.76996e-15
b[i] 0
b[i] 0
b[i] 1.02141e-14
b[i] 0
b[i] 1.02141e-14
b[i] 0
b[i] 0
b[i] -1.02141e-14
b[i] -9.76996e-15
b[i] -1.9984e-14
b[i] -2.9754e-14
b[i] -1.9984e-14
b[i] -2.9754e-14
b[i] -3.9968e-14
b[i] -3.9968e-14
b[i] -3.9968e-14
b[i] -3.01981e-14
b[i] -3.9968e-14
b[i] -3.01981e-14
b[i] -3.01981e-14
b[i] -1.9984e-14
b[i] -3.01981e-14
b[i] -3.01981e-14
b[i] -1.9984e-14
b[i] -1.9984e-14
b[i] -2.9754e-14
b[i] 5.36501
b[i] 5.36501
b[i] 5.36501
b[i] 5.36501
b[i] 5.36501
b[i] 5.36502
b[i] 5.36502
b[i] 5.36502
b[i] 5.36502
b[i] 5.36502
b[i] 5.36502
b[i] 5.36503
b[i] 5.36503
b[i] 5.36503
b[i] 5.36503
b[i] 5.36503
b[i] 5.36503
b[i] 5.36503
b[i] 5.36503
b[i] 5.36503
b[i] 5.36503
b[i] 5.36503
b[i] 5.36503
b[i] 5.36503
b[i] 5.36503
b[i] 5.36503
b[i] 5.36503
b[i] 5.36503
b[i] 5.36502
b[i] 5.36502
b[i] 5.36502
b[i] 5.36502
b[i] 5.36501
b[i] 5.36501
b[i] 5.36501
b[i] 5.365
b[i] 5.365
b[i] 5.365
b[i] 5.36499
b[i] 5.36499
b[i] 5.36498
b[i] 5.36498
b[i] 5.36497
b[i] 5.36497
b[i] 5.36497
b[i] 5.36496
b[i] 5.36496
b[i] 5.36495
b[i] 5.36495
b[i] 5.36494
b[i] 5.36494
b[i] 5.36493
b[i] 5.36493
b[i] 5.36493
b[i] 5.36492
b[i] 5.36492
b[i] 5.36492
b[i] 5.36491
b[i] 5.36491
b[i] 5.36491
b[i] 5.36491
b[i] 5.36491
b[i] 5.36491
b[i] 5.36491
b[i] 0
b[i] 0
b[i] 0
b[i] 0
b[i] -9.9476e-14
b[i] 0
b[i] 0
b[i] 0
b[i] 0
b[i] 0
b[i] 0
b[i] 0
b[i] -9.9476e-14
b[i] -9.9476e-14
b[i] 0
b[i] 0
b[i] 0
b[i] 0
b[i] 1.01252e-13
b[i] 0
b[i] 1.01252e-13
b[i] 0
b[i] 0
b[i] 0
b[i] 0
b[i] 0
b[i] 0
b[i] 0
b[i] 0
b[i] 0
b[i] 0
b[i] -1.01252e-13
b[i] -9.9476e-14
b[i] -1.98952e-13
b[i] -1.98952e-13
b[i] -1.98952e-13
b[i] -9.9476e-14
b[i] -1.01252e-13
b[i] 0
b[i] 0
b[i] 0
b[i] 0
b[i] 0
b[i] 0
b[i] 0
b[i] -1.01252e-13
b[i] 0
b[i] 0
b[i] 0
b[i] 9.9476e-14
b[i] 9.9476e-14
b[i] 9.9476e-14
b[i] 1.98952e-13
b[i] 9.9476e-14
b[i] 1.01252e-13
b[i] 1.98952e-13
b[i] 1.01252e-13
b[i] 9.9476e-14
b[i] 9.9476e-14
b[i] 9.9476e-14
b[i] 9.9476e-14
b[i] 1.01252e-13
b[i] 9.9476e-14
b[i] 2.00728e-13
b[i] 1.98952e-13
b[i] 9.9476e-14
b[i] 9.9476e-14
b[i] 1.98952e-13
b[i] 9.9476e-14
b[i] 1.98952e-13
b[i] 9.9476e-14
b[i] 1.98952e-13
b[i] 3.01981e-13
b[i] 1.98952e-13
b[i] 1.98952e-13
b[i] 1.98952e-13
b[i] 9.9476e-14
b[i] 0
b[i] 0
b[i] 0
b[i] 0
b[i] -9.9476e-14
b[i] -9.9476e-14
b[i] -1.98952e-13
b[i] -1.98952e-13
b[i] -9.9476e-14
b[i] -1.03029e-13
b[i] -1.98952e-13
b[i] -2.02505e-13
b[i] -9.9476e-14
b[i] -9.9476e-14
b[i] 0
b[i] -1.03029e-13
b[i] 0
b[i] 0
b[i] 0
b[i] 0
b[i] 0
b[i] 0
b[i] 0
b[i] 0
b[i] 0
b[i] 0
b[i] 9.9476e-14
b[i] 1.98952e-13
b[i] 2.02505e-13
b[i] 1.98952e-13
b[i] 9.9476e-14
b[i] 9.9476e-14
b[i] 9.9476e-14
b[i] 9.9476e-14
b[i] 0
b[i] 0
b[i] -9.9476e-14
b[i] 0
b[i] -9.9476e-14
b[i] -1.98952e-13
b[i] -1.98952e-13
b[i] -1.98952e-13
b[i] -2.02505e-13
b[i] -2.98428e-13
b[i] -1.98952e-13
b[i] -9.9476e-14
b[i] -1.98952e-13
b[i] -2.02505e-13
b[i] -1.03029e-13
b[i] -1.98952e-13
b[i] -9.9476e-14
b[i] 0
b[i] 0
b[i] 0
b[i] 0
b[i] 9.9476e-14
b[i] 0
b[i] 0
b[i] 0
b[i] 0
b[i] 0
b[i] 0
b[i] 0
b[i] 0
b[i] 9.9476e-14
b[i] 0
b[i] 0
b[i] 0
b[i] 0
b[i] -1.01252e-13
b[i] 0
b[i] -1.01252e-13
b[i] 0
b[i] 0
b[i] 0
b[i] 0
b[i] 0
b[i] 0
b[i] 0
b[i] 0
b[i] 0
b[i] 0
b[i] 1.01252e-13
b[i] 9.9476e-14
b[i] 1.98952e-13
b[i] 1.98952e-13
b[i] 1.98952e-13
b[i] 9.9476e-14
b[i] 1.01252e-13
b[i] 0
b[i] 0
b[i] 0
b[i] 0
b[i] 0
b[i] 0
b[i] 0
b[i] 1.01252e-13
b[i] 0
b[i] 0
b[i] 0
b[i] -9.9476e-14
b[i] -9.9476e-14
b[i] -9.9476e-14
b[i] -1.98952e-13
b[i] -9.9476e-14
b[i] -1.01252e-13
b[i] -1.98952e-13
b[i] -1.01252e-13
b[i] -9.9476e-14
b[i] -9.9476e-14
b[i] -9.9476e-14
b[i] -9.9476e-14
b[i] -1.01252e-13
b[i] -9.9476e-14
b[i] -2.00728e-13
b[i] 0
b[i] 0
b[i] 0
b[i] 0
b[i] -9.9476e-14
b[i] 0
b[i] 0
b[i] 0
b[i] 0
b[i] 0
b[i] 0
b[i] 0
b[i] -9.9476e-14
b[i] -9.9476e-14
b[i] 0
b[i] 0
b[i] 0
b[i] 0
b[i] 1.01252e-13
b[i] 0
b[i] 1.01252e-13
b[i] 0
b[i] 0
b[i] 0
b[i] 0
b[i] 0
b[i] 0
b[i] 0
b[i] 0
b[i] 0
b[i] 0
b[i] -1.01252e-13
b[i] -9.9476e-14
b[i] -1.98952e-13
b[i] -1.98952e-13
b[i] -1.98952e-13
b[i] -9.9476e-14
b[i] -1.01252e-13
b[i] 0
b[i] 0
b[i] 0
b[i] 0
b[i] 0
b[i] 0
b[i] 0
b[i] -1.01252e-13
b[i] 0
b[i] 0
b[i] 0
b[i] 9.9476e-14
b[i] 9.9476e-14
b[i] 9.9476e-14
b[i] 1.98952e-13
b[i] 9.9476e-14
b[i] 1.01252e-13
b[i] 1.98952e-13
b[i] 1.01252e-13
b[i] 9.9476e-14
b[i] 9.9476e-14
b[i] 9.9476e-14
b[i] 9.9476e-14
b[i] 1.01252e-13
b[i] 9.9476e-14
b[i] 2.00728e-13
b[i] 9.76996e-15
b[i] 0
b[i] 0
b[i] -1.02141e-14
b[i] 0
b[i] 0
b[i] 0
b[i] 1.02141e-14
b[i] 9.76996e-15
b[i] 0
b[i] 0
b[i] 0
b[i] 0
b[i] -9.76996e-15
b[i] 0
b[i] 0
b[i] 9.76996e-15
b[i] 1.9984e-14
b[i] 1.9984e-14
b[i] 1.9984e-14
b[i] 1.02141e-14
b[i] 1.02141e-14
b[i] 9.76996e-15
b[i] 9.76996e-15
b[i] 0
b[i] 0
b[i] 0
b[i] 9.76996e-15
b[i] 0
b[i] -9.76996e-15
b[i] -1.02141e-14
b[i] -1.9984e-14
b[i] -2.9754e-14
b[i] -4.04121e-14
b[i] -4.9738e-14
b[i] -3.9968e-14
b[i] -3.01981e-14
b[i] -1.9984e-14
b[i] 0
b[i] 0
b[i] 0
b[i] 0
b[i] 0
b[i] 0
b[i] 0
b[i] 0
b[i] 1.02141e-14
b[i] 1.9984e-14
b[i] 3.01981e-14
b[i] 3.01981e-14
b[i] 3.01981e-14
b[i] 3.9968e-14
b[i] 3.9968e-14
b[i] 3.9968e-14
b[i] 3.9968e-14
b[i] 5.01821e-14
b[i] 3.9968e-14
b[i] 2.9754e-14
b[i] 3.01981e-14
b[i] 2.9754e-14
b[i] 2.9754e-14
b[i] 2.9754e-14
b[i] 2.9754e-14
b[i] 3.9968e-14
=== PARDISO is running in In-Core mode, because iparam(60)=0 ===

Percentage of computed non-zeros for LL^T factorization
 1 %  2 %  3 %  4 %  5 %  6 %  7 %  8 %  9 %  10 %  11 %  12 %  13 %  14 %  15 %  16 %  17 %  18 %  19 %  21 %  23 %  25 %  26 %  29 %  31 %  33 %  35 %  36 %  37 %  38 %  39 %  40 %  44 %  46 %  47 %  48 %  49 %  50 %  51 %  52 %  53 %  54 %  55 %  56 %  57 %  58 %  59 %  60 %  61 %  62 %  63 %  64 %  65 %  66 %  68 %  70 %  72 %  75 %  77 %  78 %  79 %  81 %  82 %  83 %  84 %  87 %  88 %  91 %  95 %  97 %  99 %  100 % 

=== PARDISO: solving a symmetric indefinite system ===
Single-level factorization algorithm is turned ON


Summary: ( starting phase is factorization, ending phase is solution )
================

Times:
======
Time spent in copying matrix to internal data structure (A to LU): 0.000000 s
Time spent in factorization step (numfct)                        : 0.113403 s
Time spent in direct solver at solve step (solve)                : 0.005557 s
Time spent in allocation of internal data structures (malloc)    : 0.015989 s
Time spent in additional calculations                            : 0.000024 s
Total time spent                                                 : 0.134973 s

Statistics:
===========
Parallel Direct Factorization is running on 1 OpenMP

< Linear system Ax = b >
             number of equations:           6656
             number of non-zeros in A:      1002752
             number of non-zeros in A (%): 2.263429

             number of right-hand sides:    1

< Factors L and U >
             number of columns for each panel: 128
             number of independent subgraphs:  0
< Preprocessing with state of the art partitioning metis>
             number of supernodes:                    82
             size of largest supernode:               512
             number of non-zeros in L:                2015232
             number of non-zeros in U:                1
             number of non-zeros in L+U:              2015233
             gflop   for the numerical factorization: 0.616589

             gflop/s for the numerical factorization: 5.437141


Solve completed ... 
The solution of the system is: 
 x [0] = -0.046902
 x [1] =  0.049827
 x [2] = -0.011674
 x [3] = -0.052815
 x [4] =  0.110123
 x [5] = -0.101843
 x [6] =  0.026925
 x [7] = -0.014799
 x [8] =  0.046242
 x [9] =  0.013628
